<main>: checking for Ruby version >= 1.8.5... -------------------- yes

--------------------

have_header: checking for stdint.h... -------------------- yes

"gcc -o conftest -Id:/dev/ruby/include/ruby-1.9.1/i386-mingw32 -Id:/dev/ruby/include/ruby-1.9.1/ruby/backward -Id:/dev/ruby/include/ruby-1.9.1 -I.     -O2 -g -Wall -Wno-parentheses  conftest.c  -L. -Ld:/dev/ruby/lib -L.    -lCORE_RL_magick_ -lX11  -lmsvcrt-ruby191-static  -lshell32 -lws2_32  "
checked program was:
/* begin */
1: #include "ruby.h"
2: 
3: #include <winsock2.h>
4: #include <windows.h>
5: int main() {return 0;}
/* end */

"gcc -E -Id:/dev/ruby/include/ruby-1.9.1/i386-mingw32 -Id:/dev/ruby/include/ruby-1.9.1/ruby/backward -Id:/dev/ruby/include/ruby-1.9.1 -I.     -O2 -g -Wall -Wno-parentheses   conftest.c -o conftest.i"
checked program was:
/* begin */
1: #include "ruby.h"
2: 
3: #include <winsock2.h>
4: #include <windows.h>
5: #include <stdint.h>
/* end */

--------------------

have_header: checking for sys/types.h... -------------------- yes

"gcc -E -Id:/dev/ruby/include/ruby-1.9.1/i386-mingw32 -Id:/dev/ruby/include/ruby-1.9.1/ruby/backward -Id:/dev/ruby/include/ruby-1.9.1 -I.     -O2 -g -Wall -Wno-parentheses   conftest.c -o conftest.i"
checked program was:
/* begin */
1: #include "ruby.h"
2: 
3: #include <winsock2.h>
4: #include <windows.h>
5: #include <sys/types.h>
/* end */

--------------------

have_header: checking for wand/MagickWand.h... -------------------- yes

"gcc -E -Id:/dev/ruby/include/ruby-1.9.1/i386-mingw32 -Id:/dev/ruby/include/ruby-1.9.1/ruby/backward -Id:/dev/ruby/include/ruby-1.9.1 -I.     -O2 -g -Wall -Wno-parentheses   conftest.c -o conftest.i"
checked program was:
/* begin */
1: #include "ruby.h"
2: 
3: #include <winsock2.h>
4: #include <windows.h>
5: #include <wand/MagickWand.h>
/* end */

--------------------

have_func: checking for snprintf() in assert.h,ctype.h,stdio.h,stdlib.h,math.h,time.h,stdint.h,sys/types.h,wand/MagickWand.h... -------------------- yes

"gcc -o conftest -Id:/dev/ruby/include/ruby-1.9.1/i386-mingw32 -Id:/dev/ruby/include/ruby-1.9.1/ruby/backward -Id:/dev/ruby/include/ruby-1.9.1 -I.     -O2 -g -Wall -Wno-parentheses  conftest.c  -L. -Ld:/dev/ruby/lib -L.    -lCORE_RL_magick_ -lX11  -lmsvcrt-ruby191-static  -lshell32 -lws2_32  "
checked program was:
/* begin */
 1: #include "ruby.h"
 2: 
 3: #include <winsock2.h>
 4: #include <windows.h>
 5: #include <assert.h>
 6: #include <ctype.h>
 7: #include <stdio.h>
 8: #include <stdlib.h>
 9: #include <math.h>
10: #include <time.h>
11: #include <stdint.h>
12: #include <sys/types.h>
13: #include <wand/MagickWand.h>
14: 
15: /*top*/
16: int main() {return 0;}
17: int t() { void ((*volatile p)()); p = (void ((*)()))snprintf; return 0; }
/* end */

--------------------

have_func: checking for AcquireImage() in assert.h,ctype.h,stdio.h,stdlib.h,math.h,time.h,stdint.h,sys/types.h,wand/MagickWand.h... -------------------- yes

"gcc -o conftest -Id:/dev/ruby/include/ruby-1.9.1/i386-mingw32 -Id:/dev/ruby/include/ruby-1.9.1/ruby/backward -Id:/dev/ruby/include/ruby-1.9.1 -I.     -O2 -g -Wall -Wno-parentheses  conftest.c  -L. -Ld:/dev/ruby/lib -L.    -lCORE_RL_magick_ -lX11  -lmsvcrt-ruby191-static  -lshell32 -lws2_32  "
checked program was:
/* begin */
 1: #include "ruby.h"
 2: 
 3: #include <winsock2.h>
 4: #include <windows.h>
 5: #include <assert.h>
 6: #include <ctype.h>
 7: #include <stdio.h>
 8: #include <stdlib.h>
 9: #include <math.h>
10: #include <time.h>
11: #include <stdint.h>
12: #include <sys/types.h>
13: #include <wand/MagickWand.h>
14: 
15: /*top*/
16: int main() {return 0;}
17: int t() { void ((*volatile p)()); p = (void ((*)()))AcquireImage; return 0; }
/* end */

--------------------

have_func: checking for AffinityImage() in assert.h,ctype.h,stdio.h,stdlib.h,math.h,time.h,stdint.h,sys/types.h,wand/MagickWand.h... -------------------- yes

"gcc -o conftest -Id:/dev/ruby/include/ruby-1.9.1/i386-mingw32 -Id:/dev/ruby/include/ruby-1.9.1/ruby/backward -Id:/dev/ruby/include/ruby-1.9.1 -I.     -O2 -g -Wall -Wno-parentheses  conftest.c  -L. -Ld:/dev/ruby/lib -L.    -lCORE_RL_magick_ -lX11  -lmsvcrt-ruby191-static  -lshell32 -lws2_32  "
checked program was:
/* begin */
 1: #include "ruby.h"
 2: 
 3: #include <winsock2.h>
 4: #include <windows.h>
 5: #include <assert.h>
 6: #include <ctype.h>
 7: #include <stdio.h>
 8: #include <stdlib.h>
 9: #include <math.h>
10: #include <time.h>
11: #include <stdint.h>
12: #include <sys/types.h>
13: #include <wand/MagickWand.h>
14: 
15: /*top*/
16: int main() {return 0;}
17: int t() { void ((*volatile p)()); p = (void ((*)()))AffinityImage; return 0; }
/* end */

--------------------

have_func: checking for AffinityImages() in assert.h,ctype.h,stdio.h,stdlib.h,math.h,time.h,stdint.h,sys/types.h,wand/MagickWand.h... -------------------- yes

"gcc -o conftest -Id:/dev/ruby/include/ruby-1.9.1/i386-mingw32 -Id:/dev/ruby/include/ruby-1.9.1/ruby/backward -Id:/dev/ruby/include/ruby-1.9.1 -I.     -O2 -g -Wall -Wno-parentheses  conftest.c  -L. -Ld:/dev/ruby/lib -L.    -lCORE_RL_magick_ -lX11  -lmsvcrt-ruby191-static  -lshell32 -lws2_32  "
checked program was:
/* begin */
 1: #include "ruby.h"
 2: 
 3: #include <winsock2.h>
 4: #include <windows.h>
 5: #include <assert.h>
 6: #include <ctype.h>
 7: #include <stdio.h>
 8: #include <stdlib.h>
 9: #include <math.h>
10: #include <time.h>
11: #include <stdint.h>
12: #include <sys/types.h>
13: #include <wand/MagickWand.h>
14: 
15: /*top*/
16: int main() {return 0;}
17: int t() { void ((*volatile p)()); p = (void ((*)()))AffinityImages; return 0; }
/* end */

--------------------

have_func: checking for AutoGammaImageChannel() in assert.h,ctype.h,stdio.h,stdlib.h,math.h,time.h,stdint.h,sys/types.h,wand/MagickWand.h... -------------------- yes

"gcc -o conftest -Id:/dev/ruby/include/ruby-1.9.1/i386-mingw32 -Id:/dev/ruby/include/ruby-1.9.1/ruby/backward -Id:/dev/ruby/include/ruby-1.9.1 -I.     -O2 -g -Wall -Wno-parentheses  conftest.c  -L. -Ld:/dev/ruby/lib -L.    -lCORE_RL_magick_ -lX11  -lmsvcrt-ruby191-static  -lshell32 -lws2_32  "
checked program was:
/* begin */
 1: #include "ruby.h"
 2: 
 3: #include <winsock2.h>
 4: #include <windows.h>
 5: #include <assert.h>
 6: #include <ctype.h>
 7: #include <stdio.h>
 8: #include <stdlib.h>
 9: #include <math.h>
10: #include <time.h>
11: #include <stdint.h>
12: #include <sys/types.h>
13: #include <wand/MagickWand.h>
14: 
15: /*top*/
16: int main() {return 0;}
17: int t() { void ((*volatile p)()); p = (void ((*)()))AutoGammaImageChannel; return 0; }
/* end */

--------------------

have_func: checking for AutoLevelImageChannel() in assert.h,ctype.h,stdio.h,stdlib.h,math.h,time.h,stdint.h,sys/types.h,wand/MagickWand.h... -------------------- yes

"gcc -o conftest -Id:/dev/ruby/include/ruby-1.9.1/i386-mingw32 -Id:/dev/ruby/include/ruby-1.9.1/ruby/backward -Id:/dev/ruby/include/ruby-1.9.1 -I.     -O2 -g -Wall -Wno-parentheses  conftest.c  -L. -Ld:/dev/ruby/lib -L.    -lCORE_RL_magick_ -lX11  -lmsvcrt-ruby191-static  -lshell32 -lws2_32  "
checked program was:
/* begin */
 1: #include "ruby.h"
 2: 
 3: #include <winsock2.h>
 4: #include <windows.h>
 5: #include <assert.h>
 6: #include <ctype.h>
 7: #include <stdio.h>
 8: #include <stdlib.h>
 9: #include <math.h>
10: #include <time.h>
11: #include <stdint.h>
12: #include <sys/types.h>
13: #include <wand/MagickWand.h>
14: 
15: /*top*/
16: int main() {return 0;}
17: int t() { void ((*volatile p)()); p = (void ((*)()))AutoLevelImageChannel; return 0; }
/* end */

--------------------

have_func: checking for BlueShiftImage() in assert.h,ctype.h,stdio.h,stdlib.h,math.h,time.h,stdint.h,sys/types.h,wand/MagickWand.h... -------------------- yes

"gcc -o conftest -Id:/dev/ruby/include/ruby-1.9.1/i386-mingw32 -Id:/dev/ruby/include/ruby-1.9.1/ruby/backward -Id:/dev/ruby/include/ruby-1.9.1 -I.     -O2 -g -Wall -Wno-parentheses  conftest.c  -L. -Ld:/dev/ruby/lib -L.    -lCORE_RL_magick_ -lX11  -lmsvcrt-ruby191-static  -lshell32 -lws2_32  "
checked program was:
/* begin */
 1: #include "ruby.h"
 2: 
 3: #include <winsock2.h>
 4: #include <windows.h>
 5: #include <assert.h>
 6: #include <ctype.h>
 7: #include <stdio.h>
 8: #include <stdlib.h>
 9: #include <math.h>
10: #include <time.h>
11: #include <stdint.h>
12: #include <sys/types.h>
13: #include <wand/MagickWand.h>
14: 
15: /*top*/
16: int main() {return 0;}
17: int t() { void ((*volatile p)()); p = (void ((*)()))BlueShiftImage; return 0; }
/* end */

--------------------

have_func: checking for ConstituteComponentTerminus() in assert.h,ctype.h,stdio.h,stdlib.h,math.h,time.h,stdint.h,sys/types.h,wand/MagickWand.h... -------------------- no

"gcc -o conftest -Id:/dev/ruby/include/ruby-1.9.1/i386-mingw32 -Id:/dev/ruby/include/ruby-1.9.1/ruby/backward -Id:/dev/ruby/include/ruby-1.9.1 -I.     -O2 -g -Wall -Wno-parentheses  conftest.c  -L. -Ld:/dev/ruby/lib -L.    -lCORE_RL_magick_ -lX11  -lmsvcrt-ruby191-static  -lshell32 -lws2_32  "
checked program was:
/* begin */
 1: #include "ruby.h"
 2: 
 3: #include <winsock2.h>
 4: #include <windows.h>
 5: #include <assert.h>
 6: #include <ctype.h>
 7: #include <stdio.h>
 8: #include <stdlib.h>
 9: #include <math.h>
10: #include <time.h>
11: #include <stdint.h>
12: #include <sys/types.h>
13: #include <wand/MagickWand.h>
14: 
15: /*top*/
16: int main() {return 0;}
17: int t() { void ((*volatile p)()); p = (void ((*)()))ConstituteComponentTerminus; return 0; }
/* end */

"gcc -o conftest -Id:/dev/ruby/include/ruby-1.9.1/i386-mingw32 -Id:/dev/ruby/include/ruby-1.9.1/ruby/backward -Id:/dev/ruby/include/ruby-1.9.1 -I.     -O2 -g -Wall -Wno-parentheses  conftest.c  -L. -Ld:/dev/ruby/lib -L.    -lCORE_RL_magick_ -lX11  -lmsvcrt-ruby191-static  -lshell32 -lws2_32  "
checked program was:
/* begin */
 1: #include "ruby.h"
 2: 
 3: #include <winsock2.h>
 4: #include <windows.h>
 5: #include <assert.h>
 6: #include <ctype.h>
 7: #include <stdio.h>
 8: #include <stdlib.h>
 9: #include <math.h>
10: #include <time.h>
11: #include <stdint.h>
12: #include <sys/types.h>
13: #include <wand/MagickWand.h>
14: 
15: /*top*/
16: int main() {return 0;}
17: int t() { ConstituteComponentTerminus(); return 0; }
/* end */

--------------------

have_func: checking for DeskewImage() in assert.h,ctype.h,stdio.h,stdlib.h,math.h,time.h,stdint.h,sys/types.h,wand/MagickWand.h... -------------------- yes

"gcc -o conftest -Id:/dev/ruby/include/ruby-1.9.1/i386-mingw32 -Id:/dev/ruby/include/ruby-1.9.1/ruby/backward -Id:/dev/ruby/include/ruby-1.9.1 -I.     -O2 -g -Wall -Wno-parentheses  conftest.c  -L. -Ld:/dev/ruby/lib -L.    -lCORE_RL_magick_ -lX11  -lmsvcrt-ruby191-static  -lshell32 -lws2_32  "
checked program was:
/* begin */
 1: #include "ruby.h"
 2: 
 3: #include <winsock2.h>
 4: #include <windows.h>
 5: #include <assert.h>
 6: #include <ctype.h>
 7: #include <stdio.h>
 8: #include <stdlib.h>
 9: #include <math.h>
10: #include <time.h>
11: #include <stdint.h>
12: #include <sys/types.h>
13: #include <wand/MagickWand.h>
14: 
15: /*top*/
16: int main() {return 0;}
17: int t() { void ((*volatile p)()); p = (void ((*)()))DeskewImage; return 0; }
/* end */

--------------------

have_func: checking for EncipherImage() in assert.h,ctype.h,stdio.h,stdlib.h,math.h,time.h,stdint.h,sys/types.h,wand/MagickWand.h... -------------------- yes

"gcc -o conftest -Id:/dev/ruby/include/ruby-1.9.1/i386-mingw32 -Id:/dev/ruby/include/ruby-1.9.1/ruby/backward -Id:/dev/ruby/include/ruby-1.9.1 -I.     -O2 -g -Wall -Wno-parentheses  conftest.c  -L. -Ld:/dev/ruby/lib -L.    -lCORE_RL_magick_ -lX11  -lmsvcrt-ruby191-static  -lshell32 -lws2_32  "
checked program was:
/* begin */
 1: #include "ruby.h"
 2: 
 3: #include <winsock2.h>
 4: #include <windows.h>
 5: #include <assert.h>
 6: #include <ctype.h>
 7: #include <stdio.h>
 8: #include <stdlib.h>
 9: #include <math.h>
10: #include <time.h>
11: #include <stdint.h>
12: #include <sys/types.h>
13: #include <wand/MagickWand.h>
14: 
15: /*top*/
16: int main() {return 0;}
17: int t() { void ((*volatile p)()); p = (void ((*)()))EncipherImage; return 0; }
/* end */

--------------------

have_func: checking for EqualizeImageChannel() in assert.h,ctype.h,stdio.h,stdlib.h,math.h,time.h,stdint.h,sys/types.h,wand/MagickWand.h... -------------------- yes

"gcc -o conftest -Id:/dev/ruby/include/ruby-1.9.1/i386-mingw32 -Id:/dev/ruby/include/ruby-1.9.1/ruby/backward -Id:/dev/ruby/include/ruby-1.9.1 -I.     -O2 -g -Wall -Wno-parentheses  conftest.c  -L. -Ld:/dev/ruby/lib -L.    -lCORE_RL_magick_ -lX11  -lmsvcrt-ruby191-static  -lshell32 -lws2_32  "
checked program was:
/* begin */
 1: #include "ruby.h"
 2: 
 3: #include <winsock2.h>
 4: #include <windows.h>
 5: #include <assert.h>
 6: #include <ctype.h>
 7: #include <stdio.h>
 8: #include <stdlib.h>
 9: #include <math.h>
10: #include <time.h>
11: #include <stdint.h>
12: #include <sys/types.h>
13: #include <wand/MagickWand.h>
14: 
15: /*top*/
16: int main() {return 0;}
17: int t() { void ((*volatile p)()); p = (void ((*)()))EqualizeImageChannel; return 0; }
/* end */

--------------------

have_func: checking for FloodfillPaintImage() in assert.h,ctype.h,stdio.h,stdlib.h,math.h,time.h,stdint.h,sys/types.h,wand/MagickWand.h... -------------------- yes

"gcc -o conftest -Id:/dev/ruby/include/ruby-1.9.1/i386-mingw32 -Id:/dev/ruby/include/ruby-1.9.1/ruby/backward -Id:/dev/ruby/include/ruby-1.9.1 -I.     -O2 -g -Wall -Wno-parentheses  conftest.c  -L. -Ld:/dev/ruby/lib -L.    -lCORE_RL_magick_ -lX11  -lmsvcrt-ruby191-static  -lshell32 -lws2_32  "
checked program was:
/* begin */
 1: #include "ruby.h"
 2: 
 3: #include <winsock2.h>
 4: #include <windows.h>
 5: #include <assert.h>
 6: #include <ctype.h>
 7: #include <stdio.h>
 8: #include <stdlib.h>
 9: #include <math.h>
10: #include <time.h>
11: #include <stdint.h>
12: #include <sys/types.h>
13: #include <wand/MagickWand.h>
14: 
15: /*top*/
16: int main() {return 0;}
17: int t() { void ((*volatile p)()); p = (void ((*)()))FloodfillPaintImage; return 0; }
/* end */

--------------------

have_func: checking for FunctionImageChannel() in assert.h,ctype.h,stdio.h,stdlib.h,math.h,time.h,stdint.h,sys/types.h,wand/MagickWand.h... -------------------- yes

"gcc -o conftest -Id:/dev/ruby/include/ruby-1.9.1/i386-mingw32 -Id:/dev/ruby/include/ruby-1.9.1/ruby/backward -Id:/dev/ruby/include/ruby-1.9.1 -I.     -O2 -g -Wall -Wno-parentheses  conftest.c  -L. -Ld:/dev/ruby/lib -L.    -lCORE_RL_magick_ -lX11  -lmsvcrt-ruby191-static  -lshell32 -lws2_32  "
checked program was:
/* begin */
 1: #include "ruby.h"
 2: 
 3: #include <winsock2.h>
 4: #include <windows.h>
 5: #include <assert.h>
 6: #include <ctype.h>
 7: #include <stdio.h>
 8: #include <stdlib.h>
 9: #include <math.h>
10: #include <time.h>
11: #include <stdint.h>
12: #include <sys/types.h>
13: #include <wand/MagickWand.h>
14: 
15: /*top*/
16: int main() {return 0;}
17: int t() { void ((*volatile p)()); p = (void ((*)()))FunctionImageChannel; return 0; }
/* end */

--------------------

have_func: checking for GetAuthenticIndexQueue() in assert.h,ctype.h,stdio.h,stdlib.h,math.h,time.h,stdint.h,sys/types.h,wand/MagickWand.h... -------------------- yes

"gcc -o conftest -Id:/dev/ruby/include/ruby-1.9.1/i386-mingw32 -Id:/dev/ruby/include/ruby-1.9.1/ruby/backward -Id:/dev/ruby/include/ruby-1.9.1 -I.     -O2 -g -Wall -Wno-parentheses  conftest.c  -L. -Ld:/dev/ruby/lib -L.    -lCORE_RL_magick_ -lX11  -lmsvcrt-ruby191-static  -lshell32 -lws2_32  "
checked program was:
/* begin */
 1: #include "ruby.h"
 2: 
 3: #include <winsock2.h>
 4: #include <windows.h>
 5: #include <assert.h>
 6: #include <ctype.h>
 7: #include <stdio.h>
 8: #include <stdlib.h>
 9: #include <math.h>
10: #include <time.h>
11: #include <stdint.h>
12: #include <sys/types.h>
13: #include <wand/MagickWand.h>
14: 
15: /*top*/
16: int main() {return 0;}
17: int t() { void ((*volatile p)()); p = (void ((*)()))GetAuthenticIndexQueue; return 0; }
/* end */

--------------------

have_func: checking for GetAuthenticPixels() in assert.h,ctype.h,stdio.h,stdlib.h,math.h,time.h,stdint.h,sys/types.h,wand/MagickWand.h... -------------------- yes

"gcc -o conftest -Id:/dev/ruby/include/ruby-1.9.1/i386-mingw32 -Id:/dev/ruby/include/ruby-1.9.1/ruby/backward -Id:/dev/ruby/include/ruby-1.9.1 -I.     -O2 -g -Wall -Wno-parentheses  conftest.c  -L. -Ld:/dev/ruby/lib -L.    -lCORE_RL_magick_ -lX11  -lmsvcrt-ruby191-static  -lshell32 -lws2_32  "
checked program was:
/* begin */
 1: #include "ruby.h"
 2: 
 3: #include <winsock2.h>
 4: #include <windows.h>
 5: #include <assert.h>
 6: #include <ctype.h>
 7: #include <stdio.h>
 8: #include <stdlib.h>
 9: #include <math.h>
10: #include <time.h>
11: #include <stdint.h>
12: #include <sys/types.h>
13: #include <wand/MagickWand.h>
14: 
15: /*top*/
16: int main() {return 0;}
17: int t() { void ((*volatile p)()); p = (void ((*)()))GetAuthenticPixels; return 0; }
/* end */

--------------------

have_func: checking for GetImageAlphaChannel() in assert.h,ctype.h,stdio.h,stdlib.h,math.h,time.h,stdint.h,sys/types.h,wand/MagickWand.h... -------------------- yes

"gcc -o conftest -Id:/dev/ruby/include/ruby-1.9.1/i386-mingw32 -Id:/dev/ruby/include/ruby-1.9.1/ruby/backward -Id:/dev/ruby/include/ruby-1.9.1 -I.     -O2 -g -Wall -Wno-parentheses  conftest.c  -L. -Ld:/dev/ruby/lib -L.    -lCORE_RL_magick_ -lX11  -lmsvcrt-ruby191-static  -lshell32 -lws2_32  "
checked program was:
/* begin */
 1: #include "ruby.h"
 2: 
 3: #include <winsock2.h>
 4: #include <windows.h>
 5: #include <assert.h>
 6: #include <ctype.h>
 7: #include <stdio.h>
 8: #include <stdlib.h>
 9: #include <math.h>
10: #include <time.h>
11: #include <stdint.h>
12: #include <sys/types.h>
13: #include <wand/MagickWand.h>
14: 
15: /*top*/
16: int main() {return 0;}
17: int t() { void ((*volatile p)()); p = (void ((*)()))GetImageAlphaChannel; return 0; }
/* end */

--------------------

have_func: checking for GetVirtualPixels() in assert.h,ctype.h,stdio.h,stdlib.h,math.h,time.h,stdint.h,sys/types.h,wand/MagickWand.h... -------------------- yes

"gcc -o conftest -Id:/dev/ruby/include/ruby-1.9.1/i386-mingw32 -Id:/dev/ruby/include/ruby-1.9.1/ruby/backward -Id:/dev/ruby/include/ruby-1.9.1 -I.     -O2 -g -Wall -Wno-parentheses  conftest.c  -L. -Ld:/dev/ruby/lib -L.    -lCORE_RL_magick_ -lX11  -lmsvcrt-ruby191-static  -lshell32 -lws2_32  "
checked program was:
/* begin */
 1: #include "ruby.h"
 2: 
 3: #include <winsock2.h>
 4: #include <windows.h>
 5: #include <assert.h>
 6: #include <ctype.h>
 7: #include <stdio.h>
 8: #include <stdlib.h>
 9: #include <math.h>
10: #include <time.h>
11: #include <stdint.h>
12: #include <sys/types.h>
13: #include <wand/MagickWand.h>
14: 
15: /*top*/
16: int main() {return 0;}
17: int t() { void ((*volatile p)()); p = (void ((*)()))GetVirtualPixels; return 0; }
/* end */

--------------------

have_func: checking for LevelImageColors() in assert.h,ctype.h,stdio.h,stdlib.h,math.h,time.h,stdint.h,sys/types.h,wand/MagickWand.h... -------------------- yes

"gcc -o conftest -Id:/dev/ruby/include/ruby-1.9.1/i386-mingw32 -Id:/dev/ruby/include/ruby-1.9.1/ruby/backward -Id:/dev/ruby/include/ruby-1.9.1 -I.     -O2 -g -Wall -Wno-parentheses  conftest.c  -L. -Ld:/dev/ruby/lib -L.    -lCORE_RL_magick_ -lX11  -lmsvcrt-ruby191-static  -lshell32 -lws2_32  "
checked program was:
/* begin */
 1: #include "ruby.h"
 2: 
 3: #include <winsock2.h>
 4: #include <windows.h>
 5: #include <assert.h>
 6: #include <ctype.h>
 7: #include <stdio.h>
 8: #include <stdlib.h>
 9: #include <math.h>
10: #include <time.h>
11: #include <stdint.h>
12: #include <sys/types.h>
13: #include <wand/MagickWand.h>
14: 
15: /*top*/
16: int main() {return 0;}
17: int t() { void ((*volatile p)()); p = (void ((*)()))LevelImageColors; return 0; }
/* end */

--------------------

have_func: checking for LevelColorsImageChannel() in assert.h,ctype.h,stdio.h,stdlib.h,math.h,time.h,stdint.h,sys/types.h,wand/MagickWand.h... -------------------- yes

"gcc -o conftest -Id:/dev/ruby/include/ruby-1.9.1/i386-mingw32 -Id:/dev/ruby/include/ruby-1.9.1/ruby/backward -Id:/dev/ruby/include/ruby-1.9.1 -I.     -O2 -g -Wall -Wno-parentheses  conftest.c  -L. -Ld:/dev/ruby/lib -L.    -lCORE_RL_magick_ -lX11  -lmsvcrt-ruby191-static  -lshell32 -lws2_32  "
checked program was:
/* begin */
 1: #include "ruby.h"
 2: 
 3: #include <winsock2.h>
 4: #include <windows.h>
 5: #include <assert.h>
 6: #include <ctype.h>
 7: #include <stdio.h>
 8: #include <stdlib.h>
 9: #include <math.h>
10: #include <time.h>
11: #include <stdint.h>
12: #include <sys/types.h>
13: #include <wand/MagickWand.h>
14: 
15: /*top*/
16: int main() {return 0;}
17: int t() { void ((*volatile p)()); p = (void ((*)()))LevelColorsImageChannel; return 0; }
/* end */

--------------------

have_func: checking for LevelizeImageChannel() in assert.h,ctype.h,stdio.h,stdlib.h,math.h,time.h,stdint.h,sys/types.h,wand/MagickWand.h... -------------------- yes

"gcc -o conftest -Id:/dev/ruby/include/ruby-1.9.1/i386-mingw32 -Id:/dev/ruby/include/ruby-1.9.1/ruby/backward -Id:/dev/ruby/include/ruby-1.9.1 -I.     -O2 -g -Wall -Wno-parentheses  conftest.c  -L. -Ld:/dev/ruby/lib -L.    -lCORE_RL_magick_ -lX11  -lmsvcrt-ruby191-static  -lshell32 -lws2_32  "
checked program was:
/* begin */
 1: #include "ruby.h"
 2: 
 3: #include <winsock2.h>
 4: #include <windows.h>
 5: #include <assert.h>
 6: #include <ctype.h>
 7: #include <stdio.h>
 8: #include <stdlib.h>
 9: #include <math.h>
10: #include <time.h>
11: #include <stdint.h>
12: #include <sys/types.h>
13: #include <wand/MagickWand.h>
14: 
15: /*top*/
16: int main() {return 0;}
17: int t() { void ((*volatile p)()); p = (void ((*)()))LevelizeImageChannel; return 0; }
/* end */

--------------------

have_func: checking for LiquidRescaleImage() in assert.h,ctype.h,stdio.h,stdlib.h,math.h,time.h,stdint.h,sys/types.h,wand/MagickWand.h... -------------------- yes

"gcc -o conftest -Id:/dev/ruby/include/ruby-1.9.1/i386-mingw32 -Id:/dev/ruby/include/ruby-1.9.1/ruby/backward -Id:/dev/ruby/include/ruby-1.9.1 -I.     -O2 -g -Wall -Wno-parentheses  conftest.c  -L. -Ld:/dev/ruby/lib -L.    -lCORE_RL_magick_ -lX11  -lmsvcrt-ruby191-static  -lshell32 -lws2_32  "
checked program was:
/* begin */
 1: #include "ruby.h"
 2: 
 3: #include <winsock2.h>
 4: #include <windows.h>
 5: #include <assert.h>
 6: #include <ctype.h>
 7: #include <stdio.h>
 8: #include <stdlib.h>
 9: #include <math.h>
10: #include <time.h>
11: #include <stdint.h>
12: #include <sys/types.h>
13: #include <wand/MagickWand.h>
14: 
15: /*top*/
16: int main() {return 0;}
17: int t() { void ((*volatile p)()); p = (void ((*)()))LiquidRescaleImage; return 0; }
/* end */

--------------------

have_func: checking for MagickLibAddendum() in assert.h,ctype.h,stdio.h,stdlib.h,math.h,time.h,stdint.h,sys/types.h,wand/MagickWand.h... -------------------- no

"gcc -o conftest -Id:/dev/ruby/include/ruby-1.9.1/i386-mingw32 -Id:/dev/ruby/include/ruby-1.9.1/ruby/backward -Id:/dev/ruby/include/ruby-1.9.1 -I.     -O2 -g -Wall -Wno-parentheses  conftest.c  -L. -Ld:/dev/ruby/lib -L.    -lCORE_RL_magick_ -lX11  -lmsvcrt-ruby191-static  -lshell32 -lws2_32  "
checked program was:
/* begin */
 1: #include "ruby.h"
 2: 
 3: #include <winsock2.h>
 4: #include <windows.h>
 5: #include <assert.h>
 6: #include <ctype.h>
 7: #include <stdio.h>
 8: #include <stdlib.h>
 9: #include <math.h>
10: #include <time.h>
11: #include <stdint.h>
12: #include <sys/types.h>
13: #include <wand/MagickWand.h>
14: 
15: /*top*/
16: int main() {return 0;}
17: int t() { void ((*volatile p)()); p = (void ((*)()))MagickLibAddendum; return 0; }
/* end */

"gcc -o conftest -Id:/dev/ruby/include/ruby-1.9.1/i386-mingw32 -Id:/dev/ruby/include/ruby-1.9.1/ruby/backward -Id:/dev/ruby/include/ruby-1.9.1 -I.     -O2 -g -Wall -Wno-parentheses  conftest.c  -L. -Ld:/dev/ruby/lib -L.    -lCORE_RL_magick_ -lX11  -lmsvcrt-ruby191-static  -lshell32 -lws2_32  "
checked program was:
/* begin */
 1: #include "ruby.h"
 2: 
 3: #include <winsock2.h>
 4: #include <windows.h>
 5: #include <assert.h>
 6: #include <ctype.h>
 7: #include <stdio.h>
 8: #include <stdlib.h>
 9: #include <math.h>
10: #include <time.h>
11: #include <stdint.h>
12: #include <sys/types.h>
13: #include <wand/MagickWand.h>
14: 
15: /*top*/
16: int main() {return 0;}
17: int t() { MagickLibAddendum(); return 0; }
/* end */

--------------------

have_func: checking for OpaquePaintImageChannel() in assert.h,ctype.h,stdio.h,stdlib.h,math.h,time.h,stdint.h,sys/types.h,wand/MagickWand.h... -------------------- yes

"gcc -o conftest -Id:/dev/ruby/include/ruby-1.9.1/i386-mingw32 -Id:/dev/ruby/include/ruby-1.9.1/ruby/backward -Id:/dev/ruby/include/ruby-1.9.1 -I.     -O2 -g -Wall -Wno-parentheses  conftest.c  -L. -Ld:/dev/ruby/lib -L.    -lCORE_RL_magick_ -lX11  -lmsvcrt-ruby191-static  -lshell32 -lws2_32  "
checked program was:
/* begin */
 1: #include "ruby.h"
 2: 
 3: #include <winsock2.h>
 4: #include <windows.h>
 5: #include <assert.h>
 6: #include <ctype.h>
 7: #include <stdio.h>
 8: #include <stdlib.h>
 9: #include <math.h>
10: #include <time.h>
11: #include <stdint.h>
12: #include <sys/types.h>
13: #include <wand/MagickWand.h>
14: 
15: /*top*/
16: int main() {return 0;}
17: int t() { void ((*volatile p)()); p = (void ((*)()))OpaquePaintImageChannel; return 0; }
/* end */

--------------------

have_func: checking for QueueAuthenticPixels() in assert.h,ctype.h,stdio.h,stdlib.h,math.h,time.h,stdint.h,sys/types.h,wand/MagickWand.h... -------------------- yes

"gcc -o conftest -Id:/dev/ruby/include/ruby-1.9.1/i386-mingw32 -Id:/dev/ruby/include/ruby-1.9.1/ruby/backward -Id:/dev/ruby/include/ruby-1.9.1 -I.     -O2 -g -Wall -Wno-parentheses  conftest.c  -L. -Ld:/dev/ruby/lib -L.    -lCORE_RL_magick_ -lX11  -lmsvcrt-ruby191-static  -lshell32 -lws2_32  "
checked program was:
/* begin */
 1: #include "ruby.h"
 2: 
 3: #include <winsock2.h>
 4: #include <windows.h>
 5: #include <assert.h>
 6: #include <ctype.h>
 7: #include <stdio.h>
 8: #include <stdlib.h>
 9: #include <math.h>
10: #include <time.h>
11: #include <stdint.h>
12: #include <sys/types.h>
13: #include <wand/MagickWand.h>
14: 
15: /*top*/
16: int main() {return 0;}
17: int t() { void ((*volatile p)()); p = (void ((*)()))QueueAuthenticPixels; return 0; }
/* end */

--------------------

have_func: checking for RemapImage() in assert.h,ctype.h,stdio.h,stdlib.h,math.h,time.h,stdint.h,sys/types.h,wand/MagickWand.h... -------------------- yes

"gcc -o conftest -Id:/dev/ruby/include/ruby-1.9.1/i386-mingw32 -Id:/dev/ruby/include/ruby-1.9.1/ruby/backward -Id:/dev/ruby/include/ruby-1.9.1 -I.     -O2 -g -Wall -Wno-parentheses  conftest.c  -L. -Ld:/dev/ruby/lib -L.    -lCORE_RL_magick_ -lX11  -lmsvcrt-ruby191-static  -lshell32 -lws2_32  "
checked program was:
/* begin */
 1: #include "ruby.h"
 2: 
 3: #include <winsock2.h>
 4: #include <windows.h>
 5: #include <assert.h>
 6: #include <ctype.h>
 7: #include <stdio.h>
 8: #include <stdlib.h>
 9: #include <math.h>
10: #include <time.h>
11: #include <stdint.h>
12: #include <sys/types.h>
13: #include <wand/MagickWand.h>
14: 
15: /*top*/
16: int main() {return 0;}
17: int t() { void ((*volatile p)()); p = (void ((*)()))RemapImage; return 0; }
/* end */

--------------------

have_func: checking for RemoveImageArtifact() in assert.h,ctype.h,stdio.h,stdlib.h,math.h,time.h,stdint.h,sys/types.h,wand/MagickWand.h... -------------------- yes

"gcc -o conftest -Id:/dev/ruby/include/ruby-1.9.1/i386-mingw32 -Id:/dev/ruby/include/ruby-1.9.1/ruby/backward -Id:/dev/ruby/include/ruby-1.9.1 -I.     -O2 -g -Wall -Wno-parentheses  conftest.c  -L. -Ld:/dev/ruby/lib -L.    -lCORE_RL_magick_ -lX11  -lmsvcrt-ruby191-static  -lshell32 -lws2_32  "
checked program was:
/* begin */
 1: #include "ruby.h"
 2: 
 3: #include <winsock2.h>
 4: #include <windows.h>
 5: #include <assert.h>
 6: #include <ctype.h>
 7: #include <stdio.h>
 8: #include <stdlib.h>
 9: #include <math.h>
10: #include <time.h>
11: #include <stdint.h>
12: #include <sys/types.h>
13: #include <wand/MagickWand.h>
14: 
15: /*top*/
16: int main() {return 0;}
17: int t() { void ((*volatile p)()); p = (void ((*)()))RemoveImageArtifact; return 0; }
/* end */

--------------------

have_func: checking for SelectiveBlurImageChannel() in assert.h,ctype.h,stdio.h,stdlib.h,math.h,time.h,stdint.h,sys/types.h,wand/MagickWand.h... -------------------- yes

"gcc -o conftest -Id:/dev/ruby/include/ruby-1.9.1/i386-mingw32 -Id:/dev/ruby/include/ruby-1.9.1/ruby/backward -Id:/dev/ruby/include/ruby-1.9.1 -I.     -O2 -g -Wall -Wno-parentheses  conftest.c  -L. -Ld:/dev/ruby/lib -L.    -lCORE_RL_magick_ -lX11  -lmsvcrt-ruby191-static  -lshell32 -lws2_32  "
checked program was:
/* begin */
 1: #include "ruby.h"
 2: 
 3: #include <winsock2.h>
 4: #include <windows.h>
 5: #include <assert.h>
 6: #include <ctype.h>
 7: #include <stdio.h>
 8: #include <stdlib.h>
 9: #include <math.h>
10: #include <time.h>
11: #include <stdint.h>
12: #include <sys/types.h>
13: #include <wand/MagickWand.h>
14: 
15: /*top*/
16: int main() {return 0;}
17: int t() { void ((*volatile p)()); p = (void ((*)()))SelectiveBlurImageChannel; return 0; }
/* end */

--------------------

have_func: checking for SetImageAlphaChannel() in assert.h,ctype.h,stdio.h,stdlib.h,math.h,time.h,stdint.h,sys/types.h,wand/MagickWand.h... -------------------- yes

"gcc -o conftest -Id:/dev/ruby/include/ruby-1.9.1/i386-mingw32 -Id:/dev/ruby/include/ruby-1.9.1/ruby/backward -Id:/dev/ruby/include/ruby-1.9.1 -I.     -O2 -g -Wall -Wno-parentheses  conftest.c  -L. -Ld:/dev/ruby/lib -L.    -lCORE_RL_magick_ -lX11  -lmsvcrt-ruby191-static  -lshell32 -lws2_32  "
checked program was:
/* begin */
 1: #include "ruby.h"
 2: 
 3: #include <winsock2.h>
 4: #include <windows.h>
 5: #include <assert.h>
 6: #include <ctype.h>
 7: #include <stdio.h>
 8: #include <stdlib.h>
 9: #include <math.h>
10: #include <time.h>
11: #include <stdint.h>
12: #include <sys/types.h>
13: #include <wand/MagickWand.h>
14: 
15: /*top*/
16: int main() {return 0;}
17: int t() { void ((*volatile p)()); p = (void ((*)()))SetImageAlphaChannel; return 0; }
/* end */

--------------------

have_func: checking for SetImageArtifact() in assert.h,ctype.h,stdio.h,stdlib.h,math.h,time.h,stdint.h,sys/types.h,wand/MagickWand.h... -------------------- yes

"gcc -o conftest -Id:/dev/ruby/include/ruby-1.9.1/i386-mingw32 -Id:/dev/ruby/include/ruby-1.9.1/ruby/backward -Id:/dev/ruby/include/ruby-1.9.1 -I.     -O2 -g -Wall -Wno-parentheses  conftest.c  -L. -Ld:/dev/ruby/lib -L.    -lCORE_RL_magick_ -lX11  -lmsvcrt-ruby191-static  -lshell32 -lws2_32  "
checked program was:
/* begin */
 1: #include "ruby.h"
 2: 
 3: #include <winsock2.h>
 4: #include <windows.h>
 5: #include <assert.h>
 6: #include <ctype.h>
 7: #include <stdio.h>
 8: #include <stdlib.h>
 9: #include <math.h>
10: #include <time.h>
11: #include <stdint.h>
12: #include <sys/types.h>
13: #include <wand/MagickWand.h>
14: 
15: /*top*/
16: int main() {return 0;}
17: int t() { void ((*volatile p)()); p = (void ((*)()))SetImageArtifact; return 0; }
/* end */

--------------------

have_func: checking for SetMagickMemoryMethods() in assert.h,ctype.h,stdio.h,stdlib.h,math.h,time.h,stdint.h,sys/types.h,wand/MagickWand.h... -------------------- yes

"gcc -o conftest -Id:/dev/ruby/include/ruby-1.9.1/i386-mingw32 -Id:/dev/ruby/include/ruby-1.9.1/ruby/backward -Id:/dev/ruby/include/ruby-1.9.1 -I.     -O2 -g -Wall -Wno-parentheses  conftest.c  -L. -Ld:/dev/ruby/lib -L.    -lCORE_RL_magick_ -lX11  -lmsvcrt-ruby191-static  -lshell32 -lws2_32  "
checked program was:
/* begin */
 1: #include "ruby.h"
 2: 
 3: #include <winsock2.h>
 4: #include <windows.h>
 5: #include <assert.h>
 6: #include <ctype.h>
 7: #include <stdio.h>
 8: #include <stdlib.h>
 9: #include <math.h>
10: #include <time.h>
11: #include <stdint.h>
12: #include <sys/types.h>
13: #include <wand/MagickWand.h>
14: 
15: /*top*/
16: int main() {return 0;}
17: int t() { void ((*volatile p)()); p = (void ((*)()))SetMagickMemoryMethods; return 0; }
/* end */

--------------------

have_func: checking for SparseColorImage() in assert.h,ctype.h,stdio.h,stdlib.h,math.h,time.h,stdint.h,sys/types.h,wand/MagickWand.h... -------------------- yes

"gcc -o conftest -Id:/dev/ruby/include/ruby-1.9.1/i386-mingw32 -Id:/dev/ruby/include/ruby-1.9.1/ruby/backward -Id:/dev/ruby/include/ruby-1.9.1 -I.     -O2 -g -Wall -Wno-parentheses  conftest.c  -L. -Ld:/dev/ruby/lib -L.    -lCORE_RL_magick_ -lX11  -lmsvcrt-ruby191-static  -lshell32 -lws2_32  "
checked program was:
/* begin */
 1: #include "ruby.h"
 2: 
 3: #include <winsock2.h>
 4: #include <windows.h>
 5: #include <assert.h>
 6: #include <ctype.h>
 7: #include <stdio.h>
 8: #include <stdlib.h>
 9: #include <math.h>
10: #include <time.h>
11: #include <stdint.h>
12: #include <sys/types.h>
13: #include <wand/MagickWand.h>
14: 
15: /*top*/
16: int main() {return 0;}
17: int t() { void ((*volatile p)()); p = (void ((*)()))SparseColorImage; return 0; }
/* end */

--------------------

have_func: checking for SyncAuthenticPixels() in assert.h,ctype.h,stdio.h,stdlib.h,math.h,time.h,stdint.h,sys/types.h,wand/MagickWand.h... -------------------- yes

"gcc -o conftest -Id:/dev/ruby/include/ruby-1.9.1/i386-mingw32 -Id:/dev/ruby/include/ruby-1.9.1/ruby/backward -Id:/dev/ruby/include/ruby-1.9.1 -I.     -O2 -g -Wall -Wno-parentheses  conftest.c  -L. -Ld:/dev/ruby/lib -L.    -lCORE_RL_magick_ -lX11  -lmsvcrt-ruby191-static  -lshell32 -lws2_32  "
checked program was:
/* begin */
 1: #include "ruby.h"
 2: 
 3: #include <winsock2.h>
 4: #include <windows.h>
 5: #include <assert.h>
 6: #include <ctype.h>
 7: #include <stdio.h>
 8: #include <stdlib.h>
 9: #include <math.h>
10: #include <time.h>
11: #include <stdint.h>
12: #include <sys/types.h>
13: #include <wand/MagickWand.h>
14: 
15: /*top*/
16: int main() {return 0;}
17: int t() { void ((*volatile p)()); p = (void ((*)()))SyncAuthenticPixels; return 0; }
/* end */

--------------------

have_func: checking for TransparentPaintImage() in assert.h,ctype.h,stdio.h,stdlib.h,math.h,time.h,stdint.h,sys/types.h,wand/MagickWand.h... -------------------- yes

"gcc -o conftest -Id:/dev/ruby/include/ruby-1.9.1/i386-mingw32 -Id:/dev/ruby/include/ruby-1.9.1/ruby/backward -Id:/dev/ruby/include/ruby-1.9.1 -I.     -O2 -g -Wall -Wno-parentheses  conftest.c  -L. -Ld:/dev/ruby/lib -L.    -lCORE_RL_magick_ -lX11  -lmsvcrt-ruby191-static  -lshell32 -lws2_32  "
checked program was:
/* begin */
 1: #include "ruby.h"
 2: 
 3: #include <winsock2.h>
 4: #include <windows.h>
 5: #include <assert.h>
 6: #include <ctype.h>
 7: #include <stdio.h>
 8: #include <stdlib.h>
 9: #include <math.h>
10: #include <time.h>
11: #include <stdint.h>
12: #include <sys/types.h>
13: #include <wand/MagickWand.h>
14: 
15: /*top*/
16: int main() {return 0;}
17: int t() { void ((*volatile p)()); p = (void ((*)()))TransparentPaintImage; return 0; }
/* end */

--------------------

have_func: checking for TransparentPaintImageChroma() in assert.h,ctype.h,stdio.h,stdlib.h,math.h,time.h,stdint.h,sys/types.h,wand/MagickWand.h... -------------------- yes

"gcc -o conftest -Id:/dev/ruby/include/ruby-1.9.1/i386-mingw32 -Id:/dev/ruby/include/ruby-1.9.1/ruby/backward -Id:/dev/ruby/include/ruby-1.9.1 -I.     -O2 -g -Wall -Wno-parentheses  conftest.c  -L. -Ld:/dev/ruby/lib -L.    -lCORE_RL_magick_ -lX11  -lmsvcrt-ruby191-static  -lshell32 -lws2_32  "
checked program was:
/* begin */
 1: #include "ruby.h"
 2: 
 3: #include <winsock2.h>
 4: #include <windows.h>
 5: #include <assert.h>
 6: #include <ctype.h>
 7: #include <stdio.h>
 8: #include <stdlib.h>
 9: #include <math.h>
10: #include <time.h>
11: #include <stdint.h>
12: #include <sys/types.h>
13: #include <wand/MagickWand.h>
14: 
15: /*top*/
16: int main() {return 0;}
17: int t() { void ((*volatile p)()); p = (void ((*)()))TransparentPaintImageChroma; return 0; }
/* end */

--------------------

<main>: checking for QueryMagickColorname() new signature... -------------------- yes

"gcc -Id:/dev/ruby/include/ruby-1.9.1/i386-mingw32 -Id:/dev/ruby/include/ruby-1.9.1/ruby/backward -Id:/dev/ruby/include/ruby-1.9.1 -I.     -O2 -g -Wall -Wno-parentheses    -c conftest.c"
checked program was:
/* begin */
 1: #include "ruby.h"
 2: 
 3: #include <winsock2.h>
 4: #include <windows.h>
 5: #include "ruby.h"
 6: 
 7: #include <winsock2.h>
 8: #include <windows.h>
 9: #include <assert.h>
10: #include <ctype.h>
11: #include <stdio.h>
12: #include <stdlib.h>
13: #include <math.h>
14: #include <time.h>
15: #include <stdint.h>
16: #include <sys/types.h>
17: #include <wand/MagickWand.h>
18: 
19: /*top*/
20: int main() {
21:   MagickBooleanType okay;
22:   Image *image;
23:   MagickPixelPacket *color;
24:   char *name;
25:   ExceptionInfo *exception;
26:   okay = QueryMagickColorname(image, color, SVGCompliance, name, exception);
27:   return 0;
28:   }
/* end */

--------------------

have_struct_member: checking for Image.type in assert.h,ctype.h,stdio.h,stdlib.h,math.h,time.h,stdint.h,sys/types.h,wand/MagickWand.h... -------------------- yes

"gcc -Id:/dev/ruby/include/ruby-1.9.1/i386-mingw32 -Id:/dev/ruby/include/ruby-1.9.1/ruby/backward -Id:/dev/ruby/include/ruby-1.9.1 -I.     -O2 -g -Wall -Wno-parentheses    -c conftest.c"
checked program was:
/* begin */
 1: #include "ruby.h"
 2: 
 3: #include <winsock2.h>
 4: #include <windows.h>
 5: #include <assert.h>
 6: #include <ctype.h>
 7: #include <stdio.h>
 8: #include <stdlib.h>
 9: #include <math.h>
10: #include <time.h>
11: #include <stdint.h>
12: #include <sys/types.h>
13: #include <wand/MagickWand.h>
14: 
15: /*top*/
16: int main() {return 0;}
17: int s = (char *)&((Image*)0)->type - (char *)0;
/* end */

--------------------

have_struct_member: checking for DrawInfo.kerning in assert.h,ctype.h,stdio.h,stdlib.h,math.h,time.h,stdint.h,sys/types.h,wand/MagickWand.h... -------------------- yes

"gcc -Id:/dev/ruby/include/ruby-1.9.1/i386-mingw32 -Id:/dev/ruby/include/ruby-1.9.1/ruby/backward -Id:/dev/ruby/include/ruby-1.9.1 -I.     -O2 -g -Wall -Wno-parentheses    -c conftest.c"
checked program was:
/* begin */
 1: #include "ruby.h"
 2: 
 3: #include <winsock2.h>
 4: #include <windows.h>
 5: #include <assert.h>
 6: #include <ctype.h>
 7: #include <stdio.h>
 8: #include <stdlib.h>
 9: #include <math.h>
10: #include <time.h>
11: #include <stdint.h>
12: #include <sys/types.h>
13: #include <wand/MagickWand.h>
14: 
15: /*top*/
16: int main() {return 0;}
17: int s = (char *)&((DrawInfo*)0)->kerning - (char *)0;
/* end */

--------------------

have_struct_member: checking for DrawInfo.interline_spacing in assert.h,ctype.h,stdio.h,stdlib.h,math.h,time.h,stdint.h,sys/types.h,wand/MagickWand.h... -------------------- yes

"gcc -Id:/dev/ruby/include/ruby-1.9.1/i386-mingw32 -Id:/dev/ruby/include/ruby-1.9.1/ruby/backward -Id:/dev/ruby/include/ruby-1.9.1 -I.     -O2 -g -Wall -Wno-parentheses    -c conftest.c"
checked program was:
/* begin */
 1: #include "ruby.h"
 2: 
 3: #include <winsock2.h>
 4: #include <windows.h>
 5: #include <assert.h>
 6: #include <ctype.h>
 7: #include <stdio.h>
 8: #include <stdlib.h>
 9: #include <math.h>
10: #include <time.h>
11: #include <stdint.h>
12: #include <sys/types.h>
13: #include <wand/MagickWand.h>
14: 
15: /*top*/
16: int main() {return 0;}
17: int s = (char *)&((DrawInfo*)0)->interline_spacing - (char *)0;
/* end */

--------------------

have_struct_member: checking for DrawInfo.interword_spacing in assert.h,ctype.h,stdio.h,stdlib.h,math.h,time.h,stdint.h,sys/types.h,wand/MagickWand.h... -------------------- yes

"gcc -Id:/dev/ruby/include/ruby-1.9.1/i386-mingw32 -Id:/dev/ruby/include/ruby-1.9.1/ruby/backward -Id:/dev/ruby/include/ruby-1.9.1 -I.     -O2 -g -Wall -Wno-parentheses    -c conftest.c"
checked program was:
/* begin */
 1: #include "ruby.h"
 2: 
 3: #include <winsock2.h>
 4: #include <windows.h>
 5: #include <assert.h>
 6: #include <ctype.h>
 7: #include <stdio.h>
 8: #include <stdlib.h>
 9: #include <math.h>
10: #include <time.h>
11: #include <stdint.h>
12: #include <sys/types.h>
13: #include <wand/MagickWand.h>
14: 
15: /*top*/
16: int main() {return 0;}
17: int s = (char *)&((DrawInfo*)0)->interword_spacing - (char *)0;
/* end */

--------------------

have_type: checking for DitherMethod in assert.h,ctype.h,stdio.h,stdlib.h,math.h,time.h,stdint.h,sys/types.h,wand/MagickWand.h... -------------------- yes

"gcc -Id:/dev/ruby/include/ruby-1.9.1/i386-mingw32 -Id:/dev/ruby/include/ruby-1.9.1/ruby/backward -Id:/dev/ruby/include/ruby-1.9.1 -I.     -O2 -g -Wall -Wno-parentheses    -c conftest.c"
checked program was:
/* begin */
 1: #include "ruby.h"
 2: 
 3: #include <winsock2.h>
 4: #include <windows.h>
 5: #include <assert.h>
 6: #include <ctype.h>
 7: #include <stdio.h>
 8: #include <stdlib.h>
 9: #include <math.h>
10: #include <time.h>
11: #include <stdint.h>
12: #include <sys/types.h>
13: #include <wand/MagickWand.h>
14: 
15: /*top*/
16: typedef DitherMethod conftest_type;
17: int conftestval[sizeof(conftest_type)?1:-1];
/* end */

--------------------

have_type: checking for MagickFunction in assert.h,ctype.h,stdio.h,stdlib.h,math.h,time.h,stdint.h,sys/types.h,wand/MagickWand.h... -------------------- yes

"gcc -Id:/dev/ruby/include/ruby-1.9.1/i386-mingw32 -Id:/dev/ruby/include/ruby-1.9.1/ruby/backward -Id:/dev/ruby/include/ruby-1.9.1 -I.     -O2 -g -Wall -Wno-parentheses    -c conftest.c"
checked program was:
/* begin */
 1: #include "ruby.h"
 2: 
 3: #include <winsock2.h>
 4: #include <windows.h>
 5: #include <assert.h>
 6: #include <ctype.h>
 7: #include <stdio.h>
 8: #include <stdlib.h>
 9: #include <math.h>
10: #include <time.h>
11: #include <stdint.h>
12: #include <sys/types.h>
13: #include <wand/MagickWand.h>
14: 
15: /*top*/
16: typedef MagickFunction conftest_type;
17: int conftestval[sizeof(conftest_type)?1:-1];
/* end */

--------------------

have_type: checking for ImageLayerMethod in assert.h,ctype.h,stdio.h,stdlib.h,math.h,time.h,stdint.h,sys/types.h,wand/MagickWand.h... -------------------- yes

"gcc -Id:/dev/ruby/include/ruby-1.9.1/i386-mingw32 -Id:/dev/ruby/include/ruby-1.9.1/ruby/backward -Id:/dev/ruby/include/ruby-1.9.1 -I.     -O2 -g -Wall -Wno-parentheses    -c conftest.c"
checked program was:
/* begin */
 1: #include "ruby.h"
 2: 
 3: #include <winsock2.h>
 4: #include <windows.h>
 5: #include <assert.h>
 6: #include <ctype.h>
 7: #include <stdio.h>
 8: #include <stdlib.h>
 9: #include <math.h>
10: #include <time.h>
11: #include <stdint.h>
12: #include <sys/types.h>
13: #include <wand/MagickWand.h>
14: 
15: /*top*/
16: typedef ImageLayerMethod conftest_type;
17: int conftestval[sizeof(conftest_type)?1:-1];
/* end */

--------------------

have_type: checking for long double in assert.h,ctype.h,stdio.h,stdlib.h,math.h,time.h,stdint.h,sys/types.h,wand/MagickWand.h... -------------------- yes

"gcc -Id:/dev/ruby/include/ruby-1.9.1/i386-mingw32 -Id:/dev/ruby/include/ruby-1.9.1/ruby/backward -Id:/dev/ruby/include/ruby-1.9.1 -I.     -O2 -g -Wall -Wno-parentheses    -c conftest.c"
checked program was:
/* begin */
 1: #include "ruby.h"
 2: 
 3: #include <winsock2.h>
 4: #include <windows.h>
 5: #include <assert.h>
 6: #include <ctype.h>
 7: #include <stdio.h>
 8: #include <stdlib.h>
 9: #include <math.h>
10: #include <time.h>
11: #include <stdint.h>
12: #include <sys/types.h>
13: #include <wand/MagickWand.h>
14: 
15: /*top*/
16: typedef long double conftest_type;
17: int conftestval[sizeof(conftest_type)?1:-1];
/* end */

--------------------

have_enum_value: checking for AlphaChannelType.CopyAlphaChannel... -------------------- yes

"gcc -Id:/dev/ruby/include/ruby-1.9.1/i386-mingw32 -Id:/dev/ruby/include/ruby-1.9.1/ruby/backward -Id:/dev/ruby/include/ruby-1.9.1 -I.     -O2 -g -Wall -Wno-parentheses    -c conftest.c"
checked program was:
/* begin */
 1: #include "ruby.h"
 2: 
 3: #include <winsock2.h>
 4: #include <windows.h>
 5: #include "ruby.h"
 6: 
 7: #include <winsock2.h>
 8: #include <windows.h>
 9: #include <assert.h>
10: #include <ctype.h>
11: #include <stdio.h>
12: #include <stdlib.h>
13: #include <math.h>
14: #include <time.h>
15: #include <stdint.h>
16: #include <sys/types.h>
17: #include <wand/MagickWand.h>
18: 
19: /*top*/
20: int main() { AlphaChannelType t = CopyAlphaChannel; t = t; return 0; }
/* end */

--------------------

have_enum_value: checking for AlphaChannelType.BackgroundAlphaChannel... -------------------- yes

"gcc -Id:/dev/ruby/include/ruby-1.9.1/i386-mingw32 -Id:/dev/ruby/include/ruby-1.9.1/ruby/backward -Id:/dev/ruby/include/ruby-1.9.1 -I.     -O2 -g -Wall -Wno-parentheses    -c conftest.c"
checked program was:
/* begin */
 1: #include "ruby.h"
 2: 
 3: #include <winsock2.h>
 4: #include <windows.h>
 5: #include "ruby.h"
 6: 
 7: #include <winsock2.h>
 8: #include <windows.h>
 9: #include <assert.h>
10: #include <ctype.h>
11: #include <stdio.h>
12: #include <stdlib.h>
13: #include <math.h>
14: #include <time.h>
15: #include <stdint.h>
16: #include <sys/types.h>
17: #include <wand/MagickWand.h>
18: 
19: /*top*/
20: int main() { AlphaChannelType t = BackgroundAlphaChannel; t = t; return 0; }
/* end */

--------------------

have_enum_value: checking for CompositeOperator.BlurCompositeOp... -------------------- yes

"gcc -Id:/dev/ruby/include/ruby-1.9.1/i386-mingw32 -Id:/dev/ruby/include/ruby-1.9.1/ruby/backward -Id:/dev/ruby/include/ruby-1.9.1 -I.     -O2 -g -Wall -Wno-parentheses    -c conftest.c"
checked program was:
/* begin */
 1: #include "ruby.h"
 2: 
 3: #include <winsock2.h>
 4: #include <windows.h>
 5: #include "ruby.h"
 6: 
 7: #include <winsock2.h>
 8: #include <windows.h>
 9: #include <assert.h>
10: #include <ctype.h>
11: #include <stdio.h>
12: #include <stdlib.h>
13: #include <math.h>
14: #include <time.h>
15: #include <stdint.h>
16: #include <sys/types.h>
17: #include <wand/MagickWand.h>
18: 
19: /*top*/
20: int main() { CompositeOperator t = BlurCompositeOp; t = t; return 0; }
/* end */

--------------------

have_enum_value: checking for CompositeOperator.DistortCompositeOp... -------------------- yes

"gcc -Id:/dev/ruby/include/ruby-1.9.1/i386-mingw32 -Id:/dev/ruby/include/ruby-1.9.1/ruby/backward -Id:/dev/ruby/include/ruby-1.9.1 -I.     -O2 -g -Wall -Wno-parentheses    -c conftest.c"
checked program was:
/* begin */
 1: #include "ruby.h"
 2: 
 3: #include <winsock2.h>
 4: #include <windows.h>
 5: #include "ruby.h"
 6: 
 7: #include <winsock2.h>
 8: #include <windows.h>
 9: #include <assert.h>
10: #include <ctype.h>
11: #include <stdio.h>
12: #include <stdlib.h>
13: #include <math.h>
14: #include <time.h>
15: #include <stdint.h>
16: #include <sys/types.h>
17: #include <wand/MagickWand.h>
18: 
19: /*top*/
20: int main() { CompositeOperator t = DistortCompositeOp; t = t; return 0; }
/* end */

--------------------

have_enum_value: checking for CompositeOperator.LinearBurnCompositeOp... -------------------- yes

"gcc -Id:/dev/ruby/include/ruby-1.9.1/i386-mingw32 -Id:/dev/ruby/include/ruby-1.9.1/ruby/backward -Id:/dev/ruby/include/ruby-1.9.1 -I.     -O2 -g -Wall -Wno-parentheses    -c conftest.c"
checked program was:
/* begin */
 1: #include "ruby.h"
 2: 
 3: #include <winsock2.h>
 4: #include <windows.h>
 5: #include "ruby.h"
 6: 
 7: #include <winsock2.h>
 8: #include <windows.h>
 9: #include <assert.h>
10: #include <ctype.h>
11: #include <stdio.h>
12: #include <stdlib.h>
13: #include <math.h>
14: #include <time.h>
15: #include <stdint.h>
16: #include <sys/types.h>
17: #include <wand/MagickWand.h>
18: 
19: /*top*/
20: int main() { CompositeOperator t = LinearBurnCompositeOp; t = t; return 0; }
/* end */

--------------------

have_enum_value: checking for CompositeOperator.LinearDodgeCompositeOp... -------------------- yes

"gcc -Id:/dev/ruby/include/ruby-1.9.1/i386-mingw32 -Id:/dev/ruby/include/ruby-1.9.1/ruby/backward -Id:/dev/ruby/include/ruby-1.9.1 -I.     -O2 -g -Wall -Wno-parentheses    -c conftest.c"
checked program was:
/* begin */
 1: #include "ruby.h"
 2: 
 3: #include <winsock2.h>
 4: #include <windows.h>
 5: #include "ruby.h"
 6: 
 7: #include <winsock2.h>
 8: #include <windows.h>
 9: #include <assert.h>
10: #include <ctype.h>
11: #include <stdio.h>
12: #include <stdlib.h>
13: #include <math.h>
14: #include <time.h>
15: #include <stdint.h>
16: #include <sys/types.h>
17: #include <wand/MagickWand.h>
18: 
19: /*top*/
20: int main() { CompositeOperator t = LinearDodgeCompositeOp; t = t; return 0; }
/* end */

--------------------

have_enum_value: checking for CompositeOperator.MathematicsCompositeOp... -------------------- yes

"gcc -Id:/dev/ruby/include/ruby-1.9.1/i386-mingw32 -Id:/dev/ruby/include/ruby-1.9.1/ruby/backward -Id:/dev/ruby/include/ruby-1.9.1 -I.     -O2 -g -Wall -Wno-parentheses    -c conftest.c"
checked program was:
/* begin */
 1: #include "ruby.h"
 2: 
 3: #include <winsock2.h>
 4: #include <windows.h>
 5: #include "ruby.h"
 6: 
 7: #include <winsock2.h>
 8: #include <windows.h>
 9: #include <assert.h>
10: #include <ctype.h>
11: #include <stdio.h>
12: #include <stdlib.h>
13: #include <math.h>
14: #include <time.h>
15: #include <stdint.h>
16: #include <sys/types.h>
17: #include <wand/MagickWand.h>
18: 
19: /*top*/
20: int main() { CompositeOperator t = MathematicsCompositeOp; t = t; return 0; }
/* end */

--------------------

have_enum_value: checking for CompositeOperator.PegtopLightCompositeOp... -------------------- yes

"gcc -Id:/dev/ruby/include/ruby-1.9.1/i386-mingw32 -Id:/dev/ruby/include/ruby-1.9.1/ruby/backward -Id:/dev/ruby/include/ruby-1.9.1 -I.     -O2 -g -Wall -Wno-parentheses    -c conftest.c"
checked program was:
/* begin */
 1: #include "ruby.h"
 2: 
 3: #include <winsock2.h>
 4: #include <windows.h>
 5: #include "ruby.h"
 6: 
 7: #include <winsock2.h>
 8: #include <windows.h>
 9: #include <assert.h>
10: #include <ctype.h>
11: #include <stdio.h>
12: #include <stdlib.h>
13: #include <math.h>
14: #include <time.h>
15: #include <stdint.h>
16: #include <sys/types.h>
17: #include <wand/MagickWand.h>
18: 
19: /*top*/
20: int main() { CompositeOperator t = PegtopLightCompositeOp; t = t; return 0; }
/* end */

--------------------

have_enum_value: checking for CompositeOperator.PinLightCompositeOp... -------------------- yes

"gcc -Id:/dev/ruby/include/ruby-1.9.1/i386-mingw32 -Id:/dev/ruby/include/ruby-1.9.1/ruby/backward -Id:/dev/ruby/include/ruby-1.9.1 -I.     -O2 -g -Wall -Wno-parentheses    -c conftest.c"
checked program was:
/* begin */
 1: #include "ruby.h"
 2: 
 3: #include <winsock2.h>
 4: #include <windows.h>
 5: #include "ruby.h"
 6: 
 7: #include <winsock2.h>
 8: #include <windows.h>
 9: #include <assert.h>
10: #include <ctype.h>
11: #include <stdio.h>
12: #include <stdlib.h>
13: #include <math.h>
14: #include <time.h>
15: #include <stdint.h>
16: #include <sys/types.h>
17: #include <wand/MagickWand.h>
18: 
19: /*top*/
20: int main() { CompositeOperator t = PinLightCompositeOp; t = t; return 0; }
/* end */

--------------------

have_enum_value: checking for CompositeOperator.VividLightCompositeOp... -------------------- yes

"gcc -Id:/dev/ruby/include/ruby-1.9.1/i386-mingw32 -Id:/dev/ruby/include/ruby-1.9.1/ruby/backward -Id:/dev/ruby/include/ruby-1.9.1 -I.     -O2 -g -Wall -Wno-parentheses    -c conftest.c"
checked program was:
/* begin */
 1: #include "ruby.h"
 2: 
 3: #include <winsock2.h>
 4: #include <windows.h>
 5: #include "ruby.h"
 6: 
 7: #include <winsock2.h>
 8: #include <windows.h>
 9: #include <assert.h>
10: #include <ctype.h>
11: #include <stdio.h>
12: #include <stdlib.h>
13: #include <math.h>
14: #include <time.h>
15: #include <stdint.h>
16: #include <sys/types.h>
17: #include <wand/MagickWand.h>
18: 
19: /*top*/
20: int main() { CompositeOperator t = VividLightCompositeOp; t = t; return 0; }
/* end */

--------------------

have_enum_value: checking for CompressionType.DXT1Compression... -------------------- yes

"gcc -Id:/dev/ruby/include/ruby-1.9.1/i386-mingw32 -Id:/dev/ruby/include/ruby-1.9.1/ruby/backward -Id:/dev/ruby/include/ruby-1.9.1 -I.     -O2 -g -Wall -Wno-parentheses    -c conftest.c"
checked program was:
/* begin */
 1: #include "ruby.h"
 2: 
 3: #include <winsock2.h>
 4: #include <windows.h>
 5: #include "ruby.h"
 6: 
 7: #include <winsock2.h>
 8: #include <windows.h>
 9: #include <assert.h>
10: #include <ctype.h>
11: #include <stdio.h>
12: #include <stdlib.h>
13: #include <math.h>
14: #include <time.h>
15: #include <stdint.h>
16: #include <sys/types.h>
17: #include <wand/MagickWand.h>
18: 
19: /*top*/
20: int main() { CompressionType t = DXT1Compression; t = t; return 0; }
/* end */

--------------------

have_enum_value: checking for CompressionType.DXT3Compression... -------------------- yes

"gcc -Id:/dev/ruby/include/ruby-1.9.1/i386-mingw32 -Id:/dev/ruby/include/ruby-1.9.1/ruby/backward -Id:/dev/ruby/include/ruby-1.9.1 -I.     -O2 -g -Wall -Wno-parentheses    -c conftest.c"
checked program was:
/* begin */
 1: #include "ruby.h"
 2: 
 3: #include <winsock2.h>
 4: #include <windows.h>
 5: #include "ruby.h"
 6: 
 7: #include <winsock2.h>
 8: #include <windows.h>
 9: #include <assert.h>
10: #include <ctype.h>
11: #include <stdio.h>
12: #include <stdlib.h>
13: #include <math.h>
14: #include <time.h>
15: #include <stdint.h>
16: #include <sys/types.h>
17: #include <wand/MagickWand.h>
18: 
19: /*top*/
20: int main() { CompressionType t = DXT3Compression; t = t; return 0; }
/* end */

--------------------

have_enum_value: checking for CompressionType.DXT5Compression... -------------------- yes

"gcc -Id:/dev/ruby/include/ruby-1.9.1/i386-mingw32 -Id:/dev/ruby/include/ruby-1.9.1/ruby/backward -Id:/dev/ruby/include/ruby-1.9.1 -I.     -O2 -g -Wall -Wno-parentheses    -c conftest.c"
checked program was:
/* begin */
 1: #include "ruby.h"
 2: 
 3: #include <winsock2.h>
 4: #include <windows.h>
 5: #include "ruby.h"
 6: 
 7: #include <winsock2.h>
 8: #include <windows.h>
 9: #include <assert.h>
10: #include <ctype.h>
11: #include <stdio.h>
12: #include <stdlib.h>
13: #include <math.h>
14: #include <time.h>
15: #include <stdint.h>
16: #include <sys/types.h>
17: #include <wand/MagickWand.h>
18: 
19: /*top*/
20: int main() { CompressionType t = DXT5Compression; t = t; return 0; }
/* end */

--------------------

have_enum_value: checking for CompressionType.ZipSCompression... -------------------- yes

"gcc -Id:/dev/ruby/include/ruby-1.9.1/i386-mingw32 -Id:/dev/ruby/include/ruby-1.9.1/ruby/backward -Id:/dev/ruby/include/ruby-1.9.1 -I.     -O2 -g -Wall -Wno-parentheses    -c conftest.c"
checked program was:
/* begin */
 1: #include "ruby.h"
 2: 
 3: #include <winsock2.h>
 4: #include <windows.h>
 5: #include "ruby.h"
 6: 
 7: #include <winsock2.h>
 8: #include <windows.h>
 9: #include <assert.h>
10: #include <ctype.h>
11: #include <stdio.h>
12: #include <stdlib.h>
13: #include <math.h>
14: #include <time.h>
15: #include <stdint.h>
16: #include <sys/types.h>
17: #include <wand/MagickWand.h>
18: 
19: /*top*/
20: int main() { CompressionType t = ZipSCompression; t = t; return 0; }
/* end */

--------------------

have_enum_value: checking for CompressionType.PizCompression... -------------------- yes

"gcc -Id:/dev/ruby/include/ruby-1.9.1/i386-mingw32 -Id:/dev/ruby/include/ruby-1.9.1/ruby/backward -Id:/dev/ruby/include/ruby-1.9.1 -I.     -O2 -g -Wall -Wno-parentheses    -c conftest.c"
checked program was:
/* begin */
 1: #include "ruby.h"
 2: 
 3: #include <winsock2.h>
 4: #include <windows.h>
 5: #include "ruby.h"
 6: 
 7: #include <winsock2.h>
 8: #include <windows.h>
 9: #include <assert.h>
10: #include <ctype.h>
11: #include <stdio.h>
12: #include <stdlib.h>
13: #include <math.h>
14: #include <time.h>
15: #include <stdint.h>
16: #include <sys/types.h>
17: #include <wand/MagickWand.h>
18: 
19: /*top*/
20: int main() { CompressionType t = PizCompression; t = t; return 0; }
/* end */

--------------------

have_enum_value: checking for CompressionType.Pxr24Compression... -------------------- yes

"gcc -Id:/dev/ruby/include/ruby-1.9.1/i386-mingw32 -Id:/dev/ruby/include/ruby-1.9.1/ruby/backward -Id:/dev/ruby/include/ruby-1.9.1 -I.     -O2 -g -Wall -Wno-parentheses    -c conftest.c"
checked program was:
/* begin */
 1: #include "ruby.h"
 2: 
 3: #include <winsock2.h>
 4: #include <windows.h>
 5: #include "ruby.h"
 6: 
 7: #include <winsock2.h>
 8: #include <windows.h>
 9: #include <assert.h>
10: #include <ctype.h>
11: #include <stdio.h>
12: #include <stdlib.h>
13: #include <math.h>
14: #include <time.h>
15: #include <stdint.h>
16: #include <sys/types.h>
17: #include <wand/MagickWand.h>
18: 
19: /*top*/
20: int main() { CompressionType t = Pxr24Compression; t = t; return 0; }
/* end */

--------------------

have_enum_value: checking for CompressionType.B44Compression... -------------------- yes

"gcc -Id:/dev/ruby/include/ruby-1.9.1/i386-mingw32 -Id:/dev/ruby/include/ruby-1.9.1/ruby/backward -Id:/dev/ruby/include/ruby-1.9.1 -I.     -O2 -g -Wall -Wno-parentheses    -c conftest.c"
checked program was:
/* begin */
 1: #include "ruby.h"
 2: 
 3: #include <winsock2.h>
 4: #include <windows.h>
 5: #include "ruby.h"
 6: 
 7: #include <winsock2.h>
 8: #include <windows.h>
 9: #include <assert.h>
10: #include <ctype.h>
11: #include <stdio.h>
12: #include <stdlib.h>
13: #include <math.h>
14: #include <time.h>
15: #include <stdint.h>
16: #include <sys/types.h>
17: #include <wand/MagickWand.h>
18: 
19: /*top*/
20: int main() { CompressionType t = B44Compression; t = t; return 0; }
/* end */

--------------------

have_enum_value: checking for CompressionType.B44ACompression... -------------------- yes

"gcc -Id:/dev/ruby/include/ruby-1.9.1/i386-mingw32 -Id:/dev/ruby/include/ruby-1.9.1/ruby/backward -Id:/dev/ruby/include/ruby-1.9.1 -I.     -O2 -g -Wall -Wno-parentheses    -c conftest.c"
checked program was:
/* begin */
 1: #include "ruby.h"
 2: 
 3: #include <winsock2.h>
 4: #include <windows.h>
 5: #include "ruby.h"
 6: 
 7: #include <winsock2.h>
 8: #include <windows.h>
 9: #include <assert.h>
10: #include <ctype.h>
11: #include <stdio.h>
12: #include <stdlib.h>
13: #include <math.h>
14: #include <time.h>
15: #include <stdint.h>
16: #include <sys/types.h>
17: #include <wand/MagickWand.h>
18: 
19: /*top*/
20: int main() { CompressionType t = B44ACompression; t = t; return 0; }
/* end */

--------------------

have_enum_value: checking for DistortImageMethod.BarrelDistortion... -------------------- yes

"gcc -Id:/dev/ruby/include/ruby-1.9.1/i386-mingw32 -Id:/dev/ruby/include/ruby-1.9.1/ruby/backward -Id:/dev/ruby/include/ruby-1.9.1 -I.     -O2 -g -Wall -Wno-parentheses    -c conftest.c"
checked program was:
/* begin */
 1: #include "ruby.h"
 2: 
 3: #include <winsock2.h>
 4: #include <windows.h>
 5: #include "ruby.h"
 6: 
 7: #include <winsock2.h>
 8: #include <windows.h>
 9: #include <assert.h>
10: #include <ctype.h>
11: #include <stdio.h>
12: #include <stdlib.h>
13: #include <math.h>
14: #include <time.h>
15: #include <stdint.h>
16: #include <sys/types.h>
17: #include <wand/MagickWand.h>
18: 
19: /*top*/
20: int main() { DistortImageMethod t = BarrelDistortion; t = t; return 0; }
/* end */

--------------------

have_enum_value: checking for DistortImageMethod.BarrelInverseDistortion... -------------------- yes

"gcc -Id:/dev/ruby/include/ruby-1.9.1/i386-mingw32 -Id:/dev/ruby/include/ruby-1.9.1/ruby/backward -Id:/dev/ruby/include/ruby-1.9.1 -I.     -O2 -g -Wall -Wno-parentheses    -c conftest.c"
checked program was:
/* begin */
 1: #include "ruby.h"
 2: 
 3: #include <winsock2.h>
 4: #include <windows.h>
 5: #include "ruby.h"
 6: 
 7: #include <winsock2.h>
 8: #include <windows.h>
 9: #include <assert.h>
10: #include <ctype.h>
11: #include <stdio.h>
12: #include <stdlib.h>
13: #include <math.h>
14: #include <time.h>
15: #include <stdint.h>
16: #include <sys/types.h>
17: #include <wand/MagickWand.h>
18: 
19: /*top*/
20: int main() { DistortImageMethod t = BarrelInverseDistortion; t = t; return 0; }
/* end */

--------------------

have_enum_value: checking for DistortImageMethod.BilinearForwardDistortion... -------------------- yes

"gcc -Id:/dev/ruby/include/ruby-1.9.1/i386-mingw32 -Id:/dev/ruby/include/ruby-1.9.1/ruby/backward -Id:/dev/ruby/include/ruby-1.9.1 -I.     -O2 -g -Wall -Wno-parentheses    -c conftest.c"
checked program was:
/* begin */
 1: #include "ruby.h"
 2: 
 3: #include <winsock2.h>
 4: #include <windows.h>
 5: #include "ruby.h"
 6: 
 7: #include <winsock2.h>
 8: #include <windows.h>
 9: #include <assert.h>
10: #include <ctype.h>
11: #include <stdio.h>
12: #include <stdlib.h>
13: #include <math.h>
14: #include <time.h>
15: #include <stdint.h>
16: #include <sys/types.h>
17: #include <wand/MagickWand.h>
18: 
19: /*top*/
20: int main() { DistortImageMethod t = BilinearForwardDistortion; t = t; return 0; }
/* end */

--------------------

have_enum_value: checking for DistortImageMethod.BilinearReverseDistortion... -------------------- yes

"gcc -Id:/dev/ruby/include/ruby-1.9.1/i386-mingw32 -Id:/dev/ruby/include/ruby-1.9.1/ruby/backward -Id:/dev/ruby/include/ruby-1.9.1 -I.     -O2 -g -Wall -Wno-parentheses    -c conftest.c"
checked program was:
/* begin */
 1: #include "ruby.h"
 2: 
 3: #include <winsock2.h>
 4: #include <windows.h>
 5: #include "ruby.h"
 6: 
 7: #include <winsock2.h>
 8: #include <windows.h>
 9: #include <assert.h>
10: #include <ctype.h>
11: #include <stdio.h>
12: #include <stdlib.h>
13: #include <math.h>
14: #include <time.h>
15: #include <stdint.h>
16: #include <sys/types.h>
17: #include <wand/MagickWand.h>
18: 
19: /*top*/
20: int main() { DistortImageMethod t = BilinearReverseDistortion; t = t; return 0; }
/* end */

--------------------

have_enum_value: checking for DistortImageMethod.DePolarDistortion... -------------------- yes

"gcc -Id:/dev/ruby/include/ruby-1.9.1/i386-mingw32 -Id:/dev/ruby/include/ruby-1.9.1/ruby/backward -Id:/dev/ruby/include/ruby-1.9.1 -I.     -O2 -g -Wall -Wno-parentheses    -c conftest.c"
checked program was:
/* begin */
 1: #include "ruby.h"
 2: 
 3: #include <winsock2.h>
 4: #include <windows.h>
 5: #include "ruby.h"
 6: 
 7: #include <winsock2.h>
 8: #include <windows.h>
 9: #include <assert.h>
10: #include <ctype.h>
11: #include <stdio.h>
12: #include <stdlib.h>
13: #include <math.h>
14: #include <time.h>
15: #include <stdint.h>
16: #include <sys/types.h>
17: #include <wand/MagickWand.h>
18: 
19: /*top*/
20: int main() { DistortImageMethod t = DePolarDistortion; t = t; return 0; }
/* end */

--------------------

have_enum_value: checking for DistortImageMethod.PolarDistortion... -------------------- yes

"gcc -Id:/dev/ruby/include/ruby-1.9.1/i386-mingw32 -Id:/dev/ruby/include/ruby-1.9.1/ruby/backward -Id:/dev/ruby/include/ruby-1.9.1 -I.     -O2 -g -Wall -Wno-parentheses    -c conftest.c"
checked program was:
/* begin */
 1: #include "ruby.h"
 2: 
 3: #include <winsock2.h>
 4: #include <windows.h>
 5: #include "ruby.h"
 6: 
 7: #include <winsock2.h>
 8: #include <windows.h>
 9: #include <assert.h>
10: #include <ctype.h>
11: #include <stdio.h>
12: #include <stdlib.h>
13: #include <math.h>
14: #include <time.h>
15: #include <stdint.h>
16: #include <sys/types.h>
17: #include <wand/MagickWand.h>
18: 
19: /*top*/
20: int main() { DistortImageMethod t = PolarDistortion; t = t; return 0; }
/* end */

--------------------

have_enum_value: checking for DistortImageMethod.PolynomialDistortion... -------------------- yes

"gcc -Id:/dev/ruby/include/ruby-1.9.1/i386-mingw32 -Id:/dev/ruby/include/ruby-1.9.1/ruby/backward -Id:/dev/ruby/include/ruby-1.9.1 -I.     -O2 -g -Wall -Wno-parentheses    -c conftest.c"
checked program was:
/* begin */
 1: #include "ruby.h"
 2: 
 3: #include <winsock2.h>
 4: #include <windows.h>
 5: #include "ruby.h"
 6: 
 7: #include <winsock2.h>
 8: #include <windows.h>
 9: #include <assert.h>
10: #include <ctype.h>
11: #include <stdio.h>
12: #include <stdlib.h>
13: #include <math.h>
14: #include <time.h>
15: #include <stdint.h>
16: #include <sys/types.h>
17: #include <wand/MagickWand.h>
18: 
19: /*top*/
20: int main() { DistortImageMethod t = PolynomialDistortion; t = t; return 0; }
/* end */

--------------------

have_enum_value: checking for DistortImageMethod.ShepardsDistortion... -------------------- yes

"gcc -Id:/dev/ruby/include/ruby-1.9.1/i386-mingw32 -Id:/dev/ruby/include/ruby-1.9.1/ruby/backward -Id:/dev/ruby/include/ruby-1.9.1 -I.     -O2 -g -Wall -Wno-parentheses    -c conftest.c"
checked program was:
/* begin */
 1: #include "ruby.h"
 2: 
 3: #include <winsock2.h>
 4: #include <windows.h>
 5: #include "ruby.h"
 6: 
 7: #include <winsock2.h>
 8: #include <windows.h>
 9: #include <assert.h>
10: #include <ctype.h>
11: #include <stdio.h>
12: #include <stdlib.h>
13: #include <math.h>
14: #include <time.h>
15: #include <stdint.h>
16: #include <sys/types.h>
17: #include <wand/MagickWand.h>
18: 
19: /*top*/
20: int main() { DistortImageMethod t = ShepardsDistortion; t = t; return 0; }
/* end */

--------------------

have_enum_value: checking for DitherMethod.NoDitherMethod... -------------------- yes

"gcc -Id:/dev/ruby/include/ruby-1.9.1/i386-mingw32 -Id:/dev/ruby/include/ruby-1.9.1/ruby/backward -Id:/dev/ruby/include/ruby-1.9.1 -I.     -O2 -g -Wall -Wno-parentheses    -c conftest.c"
checked program was:
/* begin */
 1: #include "ruby.h"
 2: 
 3: #include <winsock2.h>
 4: #include <windows.h>
 5: #include "ruby.h"
 6: 
 7: #include <winsock2.h>
 8: #include <windows.h>
 9: #include <assert.h>
10: #include <ctype.h>
11: #include <stdio.h>
12: #include <stdlib.h>
13: #include <math.h>
14: #include <time.h>
15: #include <stdint.h>
16: #include <sys/types.h>
17: #include <wand/MagickWand.h>
18: 
19: /*top*/
20: int main() { DitherMethod t = NoDitherMethod; t = t; return 0; }
/* end */

--------------------

have_enum_value: checking for FilterTypes.KaiserFilter... -------------------- yes

"gcc -Id:/dev/ruby/include/ruby-1.9.1/i386-mingw32 -Id:/dev/ruby/include/ruby-1.9.1/ruby/backward -Id:/dev/ruby/include/ruby-1.9.1 -I.     -O2 -g -Wall -Wno-parentheses    -c conftest.c"
checked program was:
/* begin */
 1: #include "ruby.h"
 2: 
 3: #include <winsock2.h>
 4: #include <windows.h>
 5: #include "ruby.h"
 6: 
 7: #include <winsock2.h>
 8: #include <windows.h>
 9: #include <assert.h>
10: #include <ctype.h>
11: #include <stdio.h>
12: #include <stdlib.h>
13: #include <math.h>
14: #include <time.h>
15: #include <stdint.h>
16: #include <sys/types.h>
17: #include <wand/MagickWand.h>
18: 
19: /*top*/
20: int main() { FilterTypes t = KaiserFilter; t = t; return 0; }
/* end */

--------------------

have_enum_value: checking for FilterTypes.WelshFilter... -------------------- yes

"gcc -Id:/dev/ruby/include/ruby-1.9.1/i386-mingw32 -Id:/dev/ruby/include/ruby-1.9.1/ruby/backward -Id:/dev/ruby/include/ruby-1.9.1 -I.     -O2 -g -Wall -Wno-parentheses    -c conftest.c"
checked program was:
/* begin */
 1: #include "ruby.h"
 2: 
 3: #include <winsock2.h>
 4: #include <windows.h>
 5: #include "ruby.h"
 6: 
 7: #include <winsock2.h>
 8: #include <windows.h>
 9: #include <assert.h>
10: #include <ctype.h>
11: #include <stdio.h>
12: #include <stdlib.h>
13: #include <math.h>
14: #include <time.h>
15: #include <stdint.h>
16: #include <sys/types.h>
17: #include <wand/MagickWand.h>
18: 
19: /*top*/
20: int main() { FilterTypes t = WelshFilter; t = t; return 0; }
/* end */

--------------------

have_enum_value: checking for FilterTypes.ParzenFilter... -------------------- yes

"gcc -Id:/dev/ruby/include/ruby-1.9.1/i386-mingw32 -Id:/dev/ruby/include/ruby-1.9.1/ruby/backward -Id:/dev/ruby/include/ruby-1.9.1 -I.     -O2 -g -Wall -Wno-parentheses    -c conftest.c"
checked program was:
/* begin */
 1: #include "ruby.h"
 2: 
 3: #include <winsock2.h>
 4: #include <windows.h>
 5: #include "ruby.h"
 6: 
 7: #include <winsock2.h>
 8: #include <windows.h>
 9: #include <assert.h>
10: #include <ctype.h>
11: #include <stdio.h>
12: #include <stdlib.h>
13: #include <math.h>
14: #include <time.h>
15: #include <stdint.h>
16: #include <sys/types.h>
17: #include <wand/MagickWand.h>
18: 
19: /*top*/
20: int main() { FilterTypes t = ParzenFilter; t = t; return 0; }
/* end */

--------------------

have_enum_value: checking for FilterTypes.LagrangeFilter... -------------------- yes

"gcc -Id:/dev/ruby/include/ruby-1.9.1/i386-mingw32 -Id:/dev/ruby/include/ruby-1.9.1/ruby/backward -Id:/dev/ruby/include/ruby-1.9.1 -I.     -O2 -g -Wall -Wno-parentheses    -c conftest.c"
checked program was:
/* begin */
 1: #include "ruby.h"
 2: 
 3: #include <winsock2.h>
 4: #include <windows.h>
 5: #include "ruby.h"
 6: 
 7: #include <winsock2.h>
 8: #include <windows.h>
 9: #include <assert.h>
10: #include <ctype.h>
11: #include <stdio.h>
12: #include <stdlib.h>
13: #include <math.h>
14: #include <time.h>
15: #include <stdint.h>
16: #include <sys/types.h>
17: #include <wand/MagickWand.h>
18: 
19: /*top*/
20: int main() { FilterTypes t = LagrangeFilter; t = t; return 0; }
/* end */

--------------------

have_enum_value: checking for FilterTypes.BohmanFilter... -------------------- yes

"gcc -Id:/dev/ruby/include/ruby-1.9.1/i386-mingw32 -Id:/dev/ruby/include/ruby-1.9.1/ruby/backward -Id:/dev/ruby/include/ruby-1.9.1 -I.     -O2 -g -Wall -Wno-parentheses    -c conftest.c"
checked program was:
/* begin */
 1: #include "ruby.h"
 2: 
 3: #include <winsock2.h>
 4: #include <windows.h>
 5: #include "ruby.h"
 6: 
 7: #include <winsock2.h>
 8: #include <windows.h>
 9: #include <assert.h>
10: #include <ctype.h>
11: #include <stdio.h>
12: #include <stdlib.h>
13: #include <math.h>
14: #include <time.h>
15: #include <stdint.h>
16: #include <sys/types.h>
17: #include <wand/MagickWand.h>
18: 
19: /*top*/
20: int main() { FilterTypes t = BohmanFilter; t = t; return 0; }
/* end */

--------------------

have_enum_value: checking for FilterTypes.BartlettFilter... -------------------- yes

"gcc -Id:/dev/ruby/include/ruby-1.9.1/i386-mingw32 -Id:/dev/ruby/include/ruby-1.9.1/ruby/backward -Id:/dev/ruby/include/ruby-1.9.1 -I.     -O2 -g -Wall -Wno-parentheses    -c conftest.c"
checked program was:
/* begin */
 1: #include "ruby.h"
 2: 
 3: #include <winsock2.h>
 4: #include <windows.h>
 5: #include "ruby.h"
 6: 
 7: #include <winsock2.h>
 8: #include <windows.h>
 9: #include <assert.h>
10: #include <ctype.h>
11: #include <stdio.h>
12: #include <stdlib.h>
13: #include <math.h>
14: #include <time.h>
15: #include <stdint.h>
16: #include <sys/types.h>
17: #include <wand/MagickWand.h>
18: 
19: /*top*/
20: int main() { FilterTypes t = BartlettFilter; t = t; return 0; }
/* end */

--------------------

have_enum_value: checking for FilterTypes.SentinelFilter... -------------------- yes

"gcc -Id:/dev/ruby/include/ruby-1.9.1/i386-mingw32 -Id:/dev/ruby/include/ruby-1.9.1/ruby/backward -Id:/dev/ruby/include/ruby-1.9.1 -I.     -O2 -g -Wall -Wno-parentheses    -c conftest.c"
checked program was:
/* begin */
 1: #include "ruby.h"
 2: 
 3: #include <winsock2.h>
 4: #include <windows.h>
 5: #include "ruby.h"
 6: 
 7: #include <winsock2.h>
 8: #include <windows.h>
 9: #include <assert.h>
10: #include <ctype.h>
11: #include <stdio.h>
12: #include <stdlib.h>
13: #include <math.h>
14: #include <time.h>
15: #include <stdint.h>
16: #include <sys/types.h>
17: #include <wand/MagickWand.h>
18: 
19: /*top*/
20: int main() { FilterTypes t = SentinelFilter; t = t; return 0; }
/* end */

--------------------

have_enum_value: checking for MagickEvaluateOperator.PowEvaluateOperator... -------------------- yes

"gcc -Id:/dev/ruby/include/ruby-1.9.1/i386-mingw32 -Id:/dev/ruby/include/ruby-1.9.1/ruby/backward -Id:/dev/ruby/include/ruby-1.9.1 -I.     -O2 -g -Wall -Wno-parentheses    -c conftest.c"
checked program was:
/* begin */
 1: #include "ruby.h"
 2: 
 3: #include <winsock2.h>
 4: #include <windows.h>
 5: #include "ruby.h"
 6: 
 7: #include <winsock2.h>
 8: #include <windows.h>
 9: #include <assert.h>
10: #include <ctype.h>
11: #include <stdio.h>
12: #include <stdlib.h>
13: #include <math.h>
14: #include <time.h>
15: #include <stdint.h>
16: #include <sys/types.h>
17: #include <wand/MagickWand.h>
18: 
19: /*top*/
20: int main() { MagickEvaluateOperator t = PowEvaluateOperator; t = t; return 0; }
/* end */

--------------------

have_enum_value: checking for MagickEvaluateOperator.LogEvaluateOperator... -------------------- yes

"gcc -Id:/dev/ruby/include/ruby-1.9.1/i386-mingw32 -Id:/dev/ruby/include/ruby-1.9.1/ruby/backward -Id:/dev/ruby/include/ruby-1.9.1 -I.     -O2 -g -Wall -Wno-parentheses    -c conftest.c"
checked program was:
/* begin */
 1: #include "ruby.h"
 2: 
 3: #include <winsock2.h>
 4: #include <windows.h>
 5: #include "ruby.h"
 6: 
 7: #include <winsock2.h>
 8: #include <windows.h>
 9: #include <assert.h>
10: #include <ctype.h>
11: #include <stdio.h>
12: #include <stdlib.h>
13: #include <math.h>
14: #include <time.h>
15: #include <stdint.h>
16: #include <sys/types.h>
17: #include <wand/MagickWand.h>
18: 
19: /*top*/
20: int main() { MagickEvaluateOperator t = LogEvaluateOperator; t = t; return 0; }
/* end */

--------------------

have_enum_value: checking for MagickEvaluateOperator.ThresholdEvaluateOperator... -------------------- yes

"gcc -Id:/dev/ruby/include/ruby-1.9.1/i386-mingw32 -Id:/dev/ruby/include/ruby-1.9.1/ruby/backward -Id:/dev/ruby/include/ruby-1.9.1 -I.     -O2 -g -Wall -Wno-parentheses    -c conftest.c"
checked program was:
/* begin */
 1: #include "ruby.h"
 2: 
 3: #include <winsock2.h>
 4: #include <windows.h>
 5: #include "ruby.h"
 6: 
 7: #include <winsock2.h>
 8: #include <windows.h>
 9: #include <assert.h>
10: #include <ctype.h>
11: #include <stdio.h>
12: #include <stdlib.h>
13: #include <math.h>
14: #include <time.h>
15: #include <stdint.h>
16: #include <sys/types.h>
17: #include <wand/MagickWand.h>
18: 
19: /*top*/
20: int main() { MagickEvaluateOperator t = ThresholdEvaluateOperator; t = t; return 0; }
/* end */

--------------------

have_enum_value: checking for MagickEvaluateOperator.ThresholdBlackEvaluateOperator... -------------------- yes

"gcc -Id:/dev/ruby/include/ruby-1.9.1/i386-mingw32 -Id:/dev/ruby/include/ruby-1.9.1/ruby/backward -Id:/dev/ruby/include/ruby-1.9.1 -I.     -O2 -g -Wall -Wno-parentheses    -c conftest.c"
checked program was:
/* begin */
 1: #include "ruby.h"
 2: 
 3: #include <winsock2.h>
 4: #include <windows.h>
 5: #include "ruby.h"
 6: 
 7: #include <winsock2.h>
 8: #include <windows.h>
 9: #include <assert.h>
10: #include <ctype.h>
11: #include <stdio.h>
12: #include <stdlib.h>
13: #include <math.h>
14: #include <time.h>
15: #include <stdint.h>
16: #include <sys/types.h>
17: #include <wand/MagickWand.h>
18: 
19: /*top*/
20: int main() { MagickEvaluateOperator t = ThresholdBlackEvaluateOperator; t = t; return 0; }
/* end */

--------------------

have_enum_value: checking for MagickEvaluateOperator.ThresholdWhiteEvaluateOperator... -------------------- yes

"gcc -Id:/dev/ruby/include/ruby-1.9.1/i386-mingw32 -Id:/dev/ruby/include/ruby-1.9.1/ruby/backward -Id:/dev/ruby/include/ruby-1.9.1 -I.     -O2 -g -Wall -Wno-parentheses    -c conftest.c"
checked program was:
/* begin */
 1: #include "ruby.h"
 2: 
 3: #include <winsock2.h>
 4: #include <windows.h>
 5: #include "ruby.h"
 6: 
 7: #include <winsock2.h>
 8: #include <windows.h>
 9: #include <assert.h>
10: #include <ctype.h>
11: #include <stdio.h>
12: #include <stdlib.h>
13: #include <math.h>
14: #include <time.h>
15: #include <stdint.h>
16: #include <sys/types.h>
17: #include <wand/MagickWand.h>
18: 
19: /*top*/
20: int main() { MagickEvaluateOperator t = ThresholdWhiteEvaluateOperator; t = t; return 0; }
/* end */

--------------------

have_enum_value: checking for MagickEvaluateOperator.GaussianNoiseEvaluateOperator... -------------------- yes

"gcc -Id:/dev/ruby/include/ruby-1.9.1/i386-mingw32 -Id:/dev/ruby/include/ruby-1.9.1/ruby/backward -Id:/dev/ruby/include/ruby-1.9.1 -I.     -O2 -g -Wall -Wno-parentheses    -c conftest.c"
checked program was:
/* begin */
 1: #include "ruby.h"
 2: 
 3: #include <winsock2.h>
 4: #include <windows.h>
 5: #include "ruby.h"
 6: 
 7: #include <winsock2.h>
 8: #include <windows.h>
 9: #include <assert.h>
10: #include <ctype.h>
11: #include <stdio.h>
12: #include <stdlib.h>
13: #include <math.h>
14: #include <time.h>
15: #include <stdint.h>
16: #include <sys/types.h>
17: #include <wand/MagickWand.h>
18: 
19: /*top*/
20: int main() { MagickEvaluateOperator t = GaussianNoiseEvaluateOperator; t = t; return 0; }
/* end */

--------------------

have_enum_value: checking for MagickEvaluateOperator.ImpulseNoiseEvaluateOperator... -------------------- yes

"gcc -Id:/dev/ruby/include/ruby-1.9.1/i386-mingw32 -Id:/dev/ruby/include/ruby-1.9.1/ruby/backward -Id:/dev/ruby/include/ruby-1.9.1 -I.     -O2 -g -Wall -Wno-parentheses    -c conftest.c"
checked program was:
/* begin */
 1: #include "ruby.h"
 2: 
 3: #include <winsock2.h>
 4: #include <windows.h>
 5: #include "ruby.h"
 6: 
 7: #include <winsock2.h>
 8: #include <windows.h>
 9: #include <assert.h>
10: #include <ctype.h>
11: #include <stdio.h>
12: #include <stdlib.h>
13: #include <math.h>
14: #include <time.h>
15: #include <stdint.h>
16: #include <sys/types.h>
17: #include <wand/MagickWand.h>
18: 
19: /*top*/
20: int main() { MagickEvaluateOperator t = ImpulseNoiseEvaluateOperator; t = t; return 0; }
/* end */

--------------------

have_enum_value: checking for MagickEvaluateOperator.LaplacianNoiseEvaluateOperator... -------------------- yes

"gcc -Id:/dev/ruby/include/ruby-1.9.1/i386-mingw32 -Id:/dev/ruby/include/ruby-1.9.1/ruby/backward -Id:/dev/ruby/include/ruby-1.9.1 -I.     -O2 -g -Wall -Wno-parentheses    -c conftest.c"
checked program was:
/* begin */
 1: #include "ruby.h"
 2: 
 3: #include <winsock2.h>
 4: #include <windows.h>
 5: #include "ruby.h"
 6: 
 7: #include <winsock2.h>
 8: #include <windows.h>
 9: #include <assert.h>
10: #include <ctype.h>
11: #include <stdio.h>
12: #include <stdlib.h>
13: #include <math.h>
14: #include <time.h>
15: #include <stdint.h>
16: #include <sys/types.h>
17: #include <wand/MagickWand.h>
18: 
19: /*top*/
20: int main() { MagickEvaluateOperator t = LaplacianNoiseEvaluateOperator; t = t; return 0; }
/* end */

--------------------

have_enum_value: checking for MagickEvaluateOperator.MultiplicativeNoiseEvaluateOperator... -------------------- yes

"gcc -Id:/dev/ruby/include/ruby-1.9.1/i386-mingw32 -Id:/dev/ruby/include/ruby-1.9.1/ruby/backward -Id:/dev/ruby/include/ruby-1.9.1 -I.     -O2 -g -Wall -Wno-parentheses    -c conftest.c"
checked program was:
/* begin */
 1: #include "ruby.h"
 2: 
 3: #include <winsock2.h>
 4: #include <windows.h>
 5: #include "ruby.h"
 6: 
 7: #include <winsock2.h>
 8: #include <windows.h>
 9: #include <assert.h>
10: #include <ctype.h>
11: #include <stdio.h>
12: #include <stdlib.h>
13: #include <math.h>
14: #include <time.h>
15: #include <stdint.h>
16: #include <sys/types.h>
17: #include <wand/MagickWand.h>
18: 
19: /*top*/
20: int main() { MagickEvaluateOperator t = MultiplicativeNoiseEvaluateOperator; t = t; return 0; }
/* end */

--------------------

have_enum_value: checking for MagickEvaluateOperator.PoissonNoiseEvaluateOperator... -------------------- yes

"gcc -Id:/dev/ruby/include/ruby-1.9.1/i386-mingw32 -Id:/dev/ruby/include/ruby-1.9.1/ruby/backward -Id:/dev/ruby/include/ruby-1.9.1 -I.     -O2 -g -Wall -Wno-parentheses    -c conftest.c"
checked program was:
/* begin */
 1: #include "ruby.h"
 2: 
 3: #include <winsock2.h>
 4: #include <windows.h>
 5: #include "ruby.h"
 6: 
 7: #include <winsock2.h>
 8: #include <windows.h>
 9: #include <assert.h>
10: #include <ctype.h>
11: #include <stdio.h>
12: #include <stdlib.h>
13: #include <math.h>
14: #include <time.h>
15: #include <stdint.h>
16: #include <sys/types.h>
17: #include <wand/MagickWand.h>
18: 
19: /*top*/
20: int main() { MagickEvaluateOperator t = PoissonNoiseEvaluateOperator; t = t; return 0; }
/* end */

--------------------

have_enum_value: checking for MagickEvaluateOperator.UniformNoiseEvaluateOperator... -------------------- yes

"gcc -Id:/dev/ruby/include/ruby-1.9.1/i386-mingw32 -Id:/dev/ruby/include/ruby-1.9.1/ruby/backward -Id:/dev/ruby/include/ruby-1.9.1 -I.     -O2 -g -Wall -Wno-parentheses    -c conftest.c"
checked program was:
/* begin */
 1: #include "ruby.h"
 2: 
 3: #include <winsock2.h>
 4: #include <windows.h>
 5: #include "ruby.h"
 6: 
 7: #include <winsock2.h>
 8: #include <windows.h>
 9: #include <assert.h>
10: #include <ctype.h>
11: #include <stdio.h>
12: #include <stdlib.h>
13: #include <math.h>
14: #include <time.h>
15: #include <stdint.h>
16: #include <sys/types.h>
17: #include <wand/MagickWand.h>
18: 
19: /*top*/
20: int main() { MagickEvaluateOperator t = UniformNoiseEvaluateOperator; t = t; return 0; }
/* end */

--------------------

have_enum_value: checking for MagickEvaluateOperator.CosineEvaluateOperator... -------------------- yes

"gcc -Id:/dev/ruby/include/ruby-1.9.1/i386-mingw32 -Id:/dev/ruby/include/ruby-1.9.1/ruby/backward -Id:/dev/ruby/include/ruby-1.9.1 -I.     -O2 -g -Wall -Wno-parentheses    -c conftest.c"
checked program was:
/* begin */
 1: #include "ruby.h"
 2: 
 3: #include <winsock2.h>
 4: #include <windows.h>
 5: #include "ruby.h"
 6: 
 7: #include <winsock2.h>
 8: #include <windows.h>
 9: #include <assert.h>
10: #include <ctype.h>
11: #include <stdio.h>
12: #include <stdlib.h>
13: #include <math.h>
14: #include <time.h>
15: #include <stdint.h>
16: #include <sys/types.h>
17: #include <wand/MagickWand.h>
18: 
19: /*top*/
20: int main() { MagickEvaluateOperator t = CosineEvaluateOperator; t = t; return 0; }
/* end */

--------------------

have_enum_value: checking for MagickEvaluateOperator.SineEvaluateOperator... -------------------- yes

"gcc -Id:/dev/ruby/include/ruby-1.9.1/i386-mingw32 -Id:/dev/ruby/include/ruby-1.9.1/ruby/backward -Id:/dev/ruby/include/ruby-1.9.1 -I.     -O2 -g -Wall -Wno-parentheses    -c conftest.c"
checked program was:
/* begin */
 1: #include "ruby.h"
 2: 
 3: #include <winsock2.h>
 4: #include <windows.h>
 5: #include "ruby.h"
 6: 
 7: #include <winsock2.h>
 8: #include <windows.h>
 9: #include <assert.h>
10: #include <ctype.h>
11: #include <stdio.h>
12: #include <stdlib.h>
13: #include <math.h>
14: #include <time.h>
15: #include <stdint.h>
16: #include <sys/types.h>
17: #include <wand/MagickWand.h>
18: 
19: /*top*/
20: int main() { MagickEvaluateOperator t = SineEvaluateOperator; t = t; return 0; }
/* end */

--------------------

have_enum_value: checking for MagickEvaluateOperator.AddModulusEvaluateOperator... -------------------- yes

"gcc -Id:/dev/ruby/include/ruby-1.9.1/i386-mingw32 -Id:/dev/ruby/include/ruby-1.9.1/ruby/backward -Id:/dev/ruby/include/ruby-1.9.1 -I.     -O2 -g -Wall -Wno-parentheses    -c conftest.c"
checked program was:
/* begin */
 1: #include "ruby.h"
 2: 
 3: #include <winsock2.h>
 4: #include <windows.h>
 5: #include "ruby.h"
 6: 
 7: #include <winsock2.h>
 8: #include <windows.h>
 9: #include <assert.h>
10: #include <ctype.h>
11: #include <stdio.h>
12: #include <stdlib.h>
13: #include <math.h>
14: #include <time.h>
15: #include <stdint.h>
16: #include <sys/types.h>
17: #include <wand/MagickWand.h>
18: 
19: /*top*/
20: int main() { MagickEvaluateOperator t = AddModulusEvaluateOperator; t = t; return 0; }
/* end */

--------------------

have_enum_value: checking for MagickFunction.ArcsinFunction... -------------------- yes

"gcc -Id:/dev/ruby/include/ruby-1.9.1/i386-mingw32 -Id:/dev/ruby/include/ruby-1.9.1/ruby/backward -Id:/dev/ruby/include/ruby-1.9.1 -I.     -O2 -g -Wall -Wno-parentheses    -c conftest.c"
checked program was:
/* begin */
 1: #include "ruby.h"
 2: 
 3: #include <winsock2.h>
 4: #include <windows.h>
 5: #include "ruby.h"
 6: 
 7: #include <winsock2.h>
 8: #include <windows.h>
 9: #include <assert.h>
10: #include <ctype.h>
11: #include <stdio.h>
12: #include <stdlib.h>
13: #include <math.h>
14: #include <time.h>
15: #include <stdint.h>
16: #include <sys/types.h>
17: #include <wand/MagickWand.h>
18: 
19: /*top*/
20: int main() { MagickFunction t = ArcsinFunction; t = t; return 0; }
/* end */

--------------------

have_enum_value: checking for MagickFunction.ArctanFunction... -------------------- yes

"gcc -Id:/dev/ruby/include/ruby-1.9.1/i386-mingw32 -Id:/dev/ruby/include/ruby-1.9.1/ruby/backward -Id:/dev/ruby/include/ruby-1.9.1 -I.     -O2 -g -Wall -Wno-parentheses    -c conftest.c"
checked program was:
/* begin */
 1: #include "ruby.h"
 2: 
 3: #include <winsock2.h>
 4: #include <windows.h>
 5: #include "ruby.h"
 6: 
 7: #include <winsock2.h>
 8: #include <windows.h>
 9: #include <assert.h>
10: #include <ctype.h>
11: #include <stdio.h>
12: #include <stdlib.h>
13: #include <math.h>
14: #include <time.h>
15: #include <stdint.h>
16: #include <sys/types.h>
17: #include <wand/MagickWand.h>
18: 
19: /*top*/
20: int main() { MagickFunction t = ArctanFunction; t = t; return 0; }
/* end */

--------------------

have_enum_value: checking for MagickFunction.PolynomialFunction... -------------------- yes

"gcc -Id:/dev/ruby/include/ruby-1.9.1/i386-mingw32 -Id:/dev/ruby/include/ruby-1.9.1/ruby/backward -Id:/dev/ruby/include/ruby-1.9.1 -I.     -O2 -g -Wall -Wno-parentheses    -c conftest.c"
checked program was:
/* begin */
 1: #include "ruby.h"
 2: 
 3: #include <winsock2.h>
 4: #include <windows.h>
 5: #include "ruby.h"
 6: 
 7: #include <winsock2.h>
 8: #include <windows.h>
 9: #include <assert.h>
10: #include <ctype.h>
11: #include <stdio.h>
12: #include <stdlib.h>
13: #include <math.h>
14: #include <time.h>
15: #include <stdint.h>
16: #include <sys/types.h>
17: #include <wand/MagickWand.h>
18: 
19: /*top*/
20: int main() { MagickFunction t = PolynomialFunction; t = t; return 0; }
/* end */

--------------------

have_enum_value: checking for MagickFunction.SinusoidFunction... -------------------- yes

"gcc -Id:/dev/ruby/include/ruby-1.9.1/i386-mingw32 -Id:/dev/ruby/include/ruby-1.9.1/ruby/backward -Id:/dev/ruby/include/ruby-1.9.1 -I.     -O2 -g -Wall -Wno-parentheses    -c conftest.c"
checked program was:
/* begin */
 1: #include "ruby.h"
 2: 
 3: #include <winsock2.h>
 4: #include <windows.h>
 5: #include "ruby.h"
 6: 
 7: #include <winsock2.h>
 8: #include <windows.h>
 9: #include <assert.h>
10: #include <ctype.h>
11: #include <stdio.h>
12: #include <stdlib.h>
13: #include <math.h>
14: #include <time.h>
15: #include <stdint.h>
16: #include <sys/types.h>
17: #include <wand/MagickWand.h>
18: 
19: /*top*/
20: int main() { MagickFunction t = SinusoidFunction; t = t; return 0; }
/* end */

--------------------

have_enum_value: checking for ImageLayerMethod.FlattenLayer... -------------------- yes

"gcc -Id:/dev/ruby/include/ruby-1.9.1/i386-mingw32 -Id:/dev/ruby/include/ruby-1.9.1/ruby/backward -Id:/dev/ruby/include/ruby-1.9.1 -I.     -O2 -g -Wall -Wno-parentheses    -c conftest.c"
checked program was:
/* begin */
 1: #include "ruby.h"
 2: 
 3: #include <winsock2.h>
 4: #include <windows.h>
 5: #include "ruby.h"
 6: 
 7: #include <winsock2.h>
 8: #include <windows.h>
 9: #include <assert.h>
10: #include <ctype.h>
11: #include <stdio.h>
12: #include <stdlib.h>
13: #include <math.h>
14: #include <time.h>
15: #include <stdint.h>
16: #include <sys/types.h>
17: #include <wand/MagickWand.h>
18: 
19: /*top*/
20: int main() { ImageLayerMethod t = FlattenLayer; t = t; return 0; }
/* end */

--------------------

have_enum_value: checking for ImageLayerMethod.MergeLayer... -------------------- yes

"gcc -Id:/dev/ruby/include/ruby-1.9.1/i386-mingw32 -Id:/dev/ruby/include/ruby-1.9.1/ruby/backward -Id:/dev/ruby/include/ruby-1.9.1 -I.     -O2 -g -Wall -Wno-parentheses    -c conftest.c"
checked program was:
/* begin */
 1: #include "ruby.h"
 2: 
 3: #include <winsock2.h>
 4: #include <windows.h>
 5: #include "ruby.h"
 6: 
 7: #include <winsock2.h>
 8: #include <windows.h>
 9: #include <assert.h>
10: #include <ctype.h>
11: #include <stdio.h>
12: #include <stdlib.h>
13: #include <math.h>
14: #include <time.h>
15: #include <stdint.h>
16: #include <sys/types.h>
17: #include <wand/MagickWand.h>
18: 
19: /*top*/
20: int main() { ImageLayerMethod t = MergeLayer; t = t; return 0; }
/* end */

--------------------

have_enum_value: checking for ImageLayerMethod.MosaicLayer... -------------------- yes

"gcc -Id:/dev/ruby/include/ruby-1.9.1/i386-mingw32 -Id:/dev/ruby/include/ruby-1.9.1/ruby/backward -Id:/dev/ruby/include/ruby-1.9.1 -I.     -O2 -g -Wall -Wno-parentheses    -c conftest.c"
checked program was:
/* begin */
 1: #include "ruby.h"
 2: 
 3: #include <winsock2.h>
 4: #include <windows.h>
 5: #include "ruby.h"
 6: 
 7: #include <winsock2.h>
 8: #include <windows.h>
 9: #include <assert.h>
10: #include <ctype.h>
11: #include <stdio.h>
12: #include <stdlib.h>
13: #include <math.h>
14: #include <time.h>
15: #include <stdint.h>
16: #include <sys/types.h>
17: #include <wand/MagickWand.h>
18: 
19: /*top*/
20: int main() { ImageLayerMethod t = MosaicLayer; t = t; return 0; }
/* end */

--------------------

have_enum_value: checking for ImageLayerMethod.TrimBoundsLayer... -------------------- yes

"gcc -Id:/dev/ruby/include/ruby-1.9.1/i386-mingw32 -Id:/dev/ruby/include/ruby-1.9.1/ruby/backward -Id:/dev/ruby/include/ruby-1.9.1 -I.     -O2 -g -Wall -Wno-parentheses    -c conftest.c"
checked program was:
/* begin */
 1: #include "ruby.h"
 2: 
 3: #include <winsock2.h>
 4: #include <windows.h>
 5: #include "ruby.h"
 6: 
 7: #include <winsock2.h>
 8: #include <windows.h>
 9: #include <assert.h>
10: #include <ctype.h>
11: #include <stdio.h>
12: #include <stdlib.h>
13: #include <math.h>
14: #include <time.h>
15: #include <stdint.h>
16: #include <sys/types.h>
17: #include <wand/MagickWand.h>
18: 
19: /*top*/
20: int main() { ImageLayerMethod t = TrimBoundsLayer; t = t; return 0; }
/* end */

--------------------

have_enum_value: checking for VirtualPixelMethod.HorizontalTileVirtualPixelMethod... -------------------- yes

"gcc -Id:/dev/ruby/include/ruby-1.9.1/i386-mingw32 -Id:/dev/ruby/include/ruby-1.9.1/ruby/backward -Id:/dev/ruby/include/ruby-1.9.1 -I.     -O2 -g -Wall -Wno-parentheses    -c conftest.c"
checked program was:
/* begin */
 1: #include "ruby.h"
 2: 
 3: #include <winsock2.h>
 4: #include <windows.h>
 5: #include "ruby.h"
 6: 
 7: #include <winsock2.h>
 8: #include <windows.h>
 9: #include <assert.h>
10: #include <ctype.h>
11: #include <stdio.h>
12: #include <stdlib.h>
13: #include <math.h>
14: #include <time.h>
15: #include <stdint.h>
16: #include <sys/types.h>
17: #include <wand/MagickWand.h>
18: 
19: /*top*/
20: int main() { VirtualPixelMethod t = HorizontalTileVirtualPixelMethod; t = t; return 0; }
/* end */

--------------------

have_enum_value: checking for VirtualPixelMethod.VerticalTileVirtualPixelMethod... -------------------- yes

"gcc -Id:/dev/ruby/include/ruby-1.9.1/i386-mingw32 -Id:/dev/ruby/include/ruby-1.9.1/ruby/backward -Id:/dev/ruby/include/ruby-1.9.1 -I.     -O2 -g -Wall -Wno-parentheses    -c conftest.c"
checked program was:
/* begin */
 1: #include "ruby.h"
 2: 
 3: #include <winsock2.h>
 4: #include <windows.h>
 5: #include "ruby.h"
 6: 
 7: #include <winsock2.h>
 8: #include <windows.h>
 9: #include <assert.h>
10: #include <ctype.h>
11: #include <stdio.h>
12: #include <stdlib.h>
13: #include <math.h>
14: #include <time.h>
15: #include <stdint.h>
16: #include <sys/types.h>
17: #include <wand/MagickWand.h>
18: 
19: /*top*/
20: int main() { VirtualPixelMethod t = VerticalTileVirtualPixelMethod; t = t; return 0; }
/* end */

--------------------

have_enum_value: checking for VirtualPixelMethod.HorizontalTileEdgeVirtualPixelMethod... -------------------- yes

"gcc -Id:/dev/ruby/include/ruby-1.9.1/i386-mingw32 -Id:/dev/ruby/include/ruby-1.9.1/ruby/backward -Id:/dev/ruby/include/ruby-1.9.1 -I.     -O2 -g -Wall -Wno-parentheses    -c conftest.c"
checked program was:
/* begin */
 1: #include "ruby.h"
 2: 
 3: #include <winsock2.h>
 4: #include <windows.h>
 5: #include "ruby.h"
 6: 
 7: #include <winsock2.h>
 8: #include <windows.h>
 9: #include <assert.h>
10: #include <ctype.h>
11: #include <stdio.h>
12: #include <stdlib.h>
13: #include <math.h>
14: #include <time.h>
15: #include <stdint.h>
16: #include <sys/types.h>
17: #include <wand/MagickWand.h>
18: 
19: /*top*/
20: int main() { VirtualPixelMethod t = HorizontalTileEdgeVirtualPixelMethod; t = t; return 0; }
/* end */

--------------------

have_enum_value: checking for VirtualPixelMethod.VerticalTileEdgeVirtualPixelMethod... -------------------- yes

"gcc -Id:/dev/ruby/include/ruby-1.9.1/i386-mingw32 -Id:/dev/ruby/include/ruby-1.9.1/ruby/backward -Id:/dev/ruby/include/ruby-1.9.1 -I.     -O2 -g -Wall -Wno-parentheses    -c conftest.c"
checked program was:
/* begin */
 1: #include "ruby.h"
 2: 
 3: #include <winsock2.h>
 4: #include <windows.h>
 5: #include "ruby.h"
 6: 
 7: #include <winsock2.h>
 8: #include <windows.h>
 9: #include <assert.h>
10: #include <ctype.h>
11: #include <stdio.h>
12: #include <stdlib.h>
13: #include <math.h>
14: #include <time.h>
15: #include <stdint.h>
16: #include <sys/types.h>
17: #include <wand/MagickWand.h>
18: 
19: /*top*/
20: int main() { VirtualPixelMethod t = VerticalTileEdgeVirtualPixelMethod; t = t; return 0; }
/* end */

--------------------

have_enum_value: checking for VirtualPixelMethod.CheckerTileVirtualPixelMethod... -------------------- yes

"gcc -Id:/dev/ruby/include/ruby-1.9.1/i386-mingw32 -Id:/dev/ruby/include/ruby-1.9.1/ruby/backward -Id:/dev/ruby/include/ruby-1.9.1 -I.     -O2 -g -Wall -Wno-parentheses    -c conftest.c"
checked program was:
/* begin */
 1: #include "ruby.h"
 2: 
 3: #include <winsock2.h>
 4: #include <windows.h>
 5: #include "ruby.h"
 6: 
 7: #include <winsock2.h>
 8: #include <windows.h>
 9: #include <assert.h>
10: #include <ctype.h>
11: #include <stdio.h>
12: #include <stdlib.h>
13: #include <math.h>
14: #include <time.h>
15: #include <stdint.h>
16: #include <sys/types.h>
17: #include <wand/MagickWand.h>
18: 
19: /*top*/
20: int main() { VirtualPixelMethod t = CheckerTileVirtualPixelMethod; t = t; return 0; }
/* end */

--------------------

have_header: checking for ruby/io.h... -------------------- yes

"gcc -E -Id:/dev/ruby/include/ruby-1.9.1/i386-mingw32 -Id:/dev/ruby/include/ruby-1.9.1/ruby/backward -Id:/dev/ruby/include/ruby-1.9.1 -I.     -O2 -g -Wall -Wno-parentheses   conftest.c -o conftest.i"
checked program was:
/* begin */
1: #include "ruby.h"
2: 
3: #include <winsock2.h>
4: #include <windows.h>
5: #include <ruby/io.h>
/* end */

--------------------

have_func: checking for rb_frame_this_func() in ruby.h,ruby/io.h... -------------------- yes

"gcc -o conftest -Id:/dev/ruby/include/ruby-1.9.1/i386-mingw32 -Id:/dev/ruby/include/ruby-1.9.1/ruby/backward -Id:/dev/ruby/include/ruby-1.9.1 -I.     -O2 -g -Wall -Wno-parentheses  conftest.c  -L. -Ld:/dev/ruby/lib -L.    -lCORE_RL_magick_ -lX11  -lmsvcrt-ruby191-static  -lshell32 -lws2_32  "
checked program was:
/* begin */
 1: #include "ruby.h"
 2: 
 3: #include <winsock2.h>
 4: #include <windows.h>
 5: #include <ruby.h>
 6: #include <ruby/io.h>
 7: 
 8: /*top*/
 9: int main() {return 0;}
10: int t() { void ((*volatile p)()); p = (void ((*)()))rb_frame_this_func; return 0; }
/* end */

--------------------



======================================================================
Thu 15Apr10 01:45:35
This installation of RMagick 2.13.1 is configured for
Ruby 1.9.1 (i386-mingw32) and ImageMagick 6.5.6
======================================================================


